2025-07-14 18:15:58 [INFO] 开始巡检任务：2025-07-14
2025-07-14 18:15:58 [INFO] 网管中心-基础资源 巡检成功 3/3，成功率 100%
2025-07-14 18:15:58 [INFO] 网管中心-网络安全 巡检成功 4/4，成功率 100%
2025-07-14 18:15:58 [INFO] 网管中心-北京通业务系统 巡检成功 1/1，成功率 100%
2025-07-14 18:15:58 [INFO] 权益平台（政务外网）-基础资源 巡检成功 3/3，成功率 100%
2025-07-14 18:15:58 [INFO] 权益平台（政务外网）-网络安全 巡检成功 3/3，成功率 100%
2025-07-14 18:15:58 [INFO] 权益平台（政务外网）-系统负载 巡检成功 3/3，成功率 100%
2025-07-14 18:15:58 [INFO] 权益平台（互联网）-网络安全 巡检成功 4/4，成功率 100%
2025-07-14 18:15:58 [INFO] 权益平台（互联网）-基础资源 巡检成功 3/3，成功率 100%
2025-07-14 18:15:58 [INFO] 综合系统（腾讯云）-网络安全 巡检成功 3/3，成功率 100%
2025-07-14 18:15:58 [INFO] 民生卡业务网络专线 巡检成功 3/3，成功率 100%
2025-07-14 18:15:58 [INFO] 综合系统（腾讯云）-基础资源 巡检成功 3/3，成功率 100%
2025-07-14 18:15:58 [INFO] 总共成功 33/33，成功率 100.0%
2025-07-14 18:15:58 [INFO] 巡检结果已保存至 Excel 文件：巡检邮件统计_2025-07-14.xlsx
2025-07-14 18:16:00 [INFO] 邮件发送成功，收件人：['hwy', 'csz']


2025-07-14 21:20:29 [INFO] 开始巡检任务：2025-07-14
2025-07-14 21:20:29 [INFO] 网管中心-基础资源 巡检成功 4/4，成功率 100%
2025-07-14 21:20:29 [INFO] 网管中心-网络安全 巡检成功 5/5，成功率 100%
2025-07-14 21:20:29 [INFO] 网管中心-北京通业务系统 巡检成功 2/2，成功率 100%
2025-07-14 21:20:29 [INFO] 权益平台（政务外网）-基础资源 巡检成功 4/4，成功率 100%
2025-07-14 21:20:29 [INFO] 权益平台（政务外网）-网络安全 巡检成功 4/4，成功率 100%
2025-07-14 21:20:29 [INFO] 权益平台（政务外网）-系统负载 巡检成功 3/3，成功率 100%
2025-07-14 21:20:29 [INFO] 权益平台（互联网）-网络安全 巡检成功 5/5，成功率 100%
2025-07-14 21:20:29 [INFO] 权益平台（互联网）-基础资源 巡检成功 4/4，成功率 100%
2025-07-14 21:20:29 [INFO] 综合系统（腾讯云）-网络安全 巡检成功 4/4，成功率 100%
2025-07-14 21:20:29 [INFO] 民生卡业务网络专线 巡检成功 4/4，成功率 100%
2025-07-14 21:20:29 [INFO] 综合系统（腾讯云）-基础资源 巡检成功 3/3，成功率 100%
2025-07-14 21:20:29 [INFO] 总共成功 42/42，成功率 100.0%
2025-07-14 21:20:30 [INFO] 巡检结果已保存至 Excel 文件：巡检邮件统计_2025-07-14.xlsx
2025-07-14 21:20:30 [INFO] 邮件发送成功，收件人：['hwy']


2025-07-14 22:44:29 [INFO] 开始巡检任务：2025-07-14
2025-07-14 22:44:29 [INFO] 网管中心-基础资源 巡检成功 4/4，成功率 100%
2025-07-14 22:44:29 [INFO] 网管中心-网络安全 巡检成功 5/5，成功率 100%
2025-07-14 22:44:29 [INFO] 网管中心-北京通业务系统 巡检成功 2/2，成功率 100%
2025-07-14 22:44:29 [INFO] 权益平台（政务外网）-基础资源 巡检成功 4/4，成功率 100%
2025-07-14 22:44:29 [INFO] 权益平台（政务外网）-网络安全 巡检成功 4/5，成功率 80%
2025-07-14 22:44:29 [INFO] 权益平台（政务外网）-系统负载 巡检成功 3/4，成功率 75%
2025-07-14 22:44:29 [INFO] 权益平台（互联网）-网络安全 巡检成功 5/5，成功率 100%
2025-07-14 22:44:29 [INFO] 权益平台（互联网）-基础资源 巡检成功 4/4，成功率 100%
2025-07-14 22:44:29 [INFO] 综合系统（腾讯云）-网络安全 巡检成功 4/4，成功率 100%
2025-07-14 22:44:29 [INFO] 民生卡业务网络专线 巡检成功 4/4，成功率 100%
2025-07-14 22:44:29 [INFO] 综合系统（腾讯云）-基础资源 巡检成功 3/3，成功率 100%
2025-07-14 22:44:29 [WARNING] [异常平台] 权益平台（政务外网）-网络安全 成功率 80%，失败时段：21:15
2025-07-14 22:44:29 [WARNING] [异常平台] 权益平台（政务外网）-系统负载 成功率 75%，失败时段：21:30
2025-07-14 22:44:29 [INFO] 总共成功 42/44，成功率 95.5%
2025-07-14 22:44:29 [INFO] 巡检结果已保存至 Excel 文件：巡检邮件统计_2025-07-14.xlsx
2025-07-14 22:44:30 [INFO] 邮件发送成功，收件人：['hwy']


2025-07-14 22:47:26 [INFO] 开始巡检任务：2025-07-14
2025-07-14 22:47:26 [INFO] 网管中心-基础资源 巡检成功 4/4，成功率 100%
2025-07-14 22:47:26 [INFO] 网管中心-网络安全 巡检成功 5/5，成功率 100%
2025-07-14 22:47:26 [INFO] 网管中心-北京通业务系统 巡检成功 2/2，成功率 100%
2025-07-14 22:47:26 [INFO] 权益平台（政务外网）-基础资源 巡检成功 4/4，成功率 100%
2025-07-14 22:47:26 [INFO] 权益平台（政务外网）-网络安全 巡检成功 5/5，成功率 100%
2025-07-14 22:47:26 [INFO] 权益平台（政务外网）-系统负载 巡检成功 4/4，成功率 100%
2025-07-14 22:47:26 [INFO] 权益平台（互联网）-网络安全 巡检成功 5/5，成功率 100%
2025-07-14 22:47:26 [INFO] 权益平台（互联网）-基础资源 巡检成功 4/4，成功率 100%
2025-07-14 22:47:26 [INFO] 综合系统（腾讯云）-网络安全 巡检成功 4/4，成功率 100%
2025-07-14 22:47:26 [INFO] 民生卡业务网络专线 巡检成功 4/4，成功率 100%
2025-07-14 22:47:26 [INFO] 综合系统（腾讯云）-基础资源 巡检成功 4/4，成功率 100%
2025-07-14 22:47:26 [INFO] 总共成功 45/45，成功率 100.0%
2025-07-14 22:47:33 [INFO] 开始巡检任务：2025-07-14
2025-07-14 22:47:33 [INFO] 网管中心-基础资源 巡检成功 4/4，成功率 100%
2025-07-14 22:47:33 [INFO] 网管中心-网络安全 巡检成功 5/5，成功率 100%
2025-07-14 22:47:33 [INFO] 网管中心-北京通业务系统 巡检成功 2/2，成功率 100%
2025-07-14 22:47:33 [INFO] 权益平台（政务外网）-基础资源 巡检成功 4/4，成功率 100%
2025-07-14 22:47:33 [INFO] 权益平台（政务外网）-网络安全 巡检成功 5/5，成功率 100%
2025-07-14 22:47:33 [INFO] 权益平台（政务外网）-系统负载 巡检成功 4/4，成功率 100%
2025-07-14 22:47:33 [INFO] 权益平台（互联网）-网络安全 巡检成功 5/5，成功率 100%
2025-07-14 22:47:33 [INFO] 权益平台（互联网）-基础资源 巡检成功 4/4，成功率 100%
2025-07-14 22:47:33 [INFO] 综合系统（腾讯云）-网络安全 巡检成功 4/4，成功率 100%
2025-07-14 22:47:33 [INFO] 民生卡业务网络专线 巡检成功 4/4，成功率 100%
2025-07-14 22:47:33 [INFO] 综合系统（腾讯云）-基础资源 巡检成功 4/4，成功率 100%
2025-07-14 22:47:33 [INFO] 总共成功 45/45，成功率 100.0%
2025-07-14 22:47:33 [INFO] 巡检结果已保存至 Excel 文件：巡检邮件统计_2025-07-14.xlsx
2025-07-14 22:47:33 [INFO] 邮件发送成功，收件人：['hwy']


2025-07-14 23:55:49 [INFO] 开始巡检任务：2025-07-14
2025-07-14 23:55:49 [INFO] 网管中心-基础资源 巡检成功 4/4，成功率 100%
2025-07-14 23:55:49 [INFO] 网管中心-网络安全 巡检成功 6/6，成功率 100%
2025-07-14 23:55:49 [INFO] 网管中心-北京通业务系统 巡检成功 2/2，成功率 100%
2025-07-14 23:55:49 [INFO] 权益平台（政务外网）-基础资源 巡检成功 4/4，成功率 100%
2025-07-14 23:55:49 [INFO] 权益平台（政务外网）-网络安全 巡检成功 6/6，成功率 100%
2025-07-14 23:55:49 [INFO] 权益平台（政务外网）-系统负载 巡检成功 4/4，成功率 100%
2025-07-14 23:55:49 [INFO] 权益平台（互联网）-网络安全 巡检成功 6/6，成功率 100%
2025-07-14 23:55:49 [INFO] 权益平台（互联网）-基础资源 巡检成功 4/4，成功率 100%
2025-07-14 23:55:49 [INFO] 综合系统（腾讯云）-网络安全 巡检成功 4/4，成功率 100%
2025-07-14 23:55:49 [INFO] 民生卡业务网络专线 巡检成功 4/4，成功率 100%
2025-07-14 23:55:49 [INFO] 综合系统（腾讯云）-基础资源 巡检成功 4/4，成功率 100%
2025-07-14 23:55:49 [INFO] 总共成功 48/48，成功率 100.0%
2025-07-14 23:55:49 [INFO] 巡检结果已保存至 Excel 文件：巡检邮件统计_2025-07-14.xlsx
2025-07-14 23:55:49 [INFO] 邮件发送成功，收件人：['hwy']


2025-07-15 09:36:20 [INFO] 开始巡检任务：2025-07-15
2025-07-15 09:36:20 [INFO] 网管中心-基础资源 巡检成功 1/1，成功率 100%
2025-07-15 09:36:20 [INFO] 网管中心-网络安全 巡检成功 1/1，成功率 100%
2025-07-15 09:36:20 [INFO] 网管中心-北京通业务系统 巡检成功 1/1，成功率 100%
2025-07-15 09:36:20 [INFO] 权益平台（政务外网）-基础资源 巡检成功 1/1，成功率 100%
2025-07-15 09:36:20 [INFO] 权益平台（政务外网）-网络安全 巡检成功 1/1，成功率 100%
2025-07-15 09:36:20 [INFO] 权益平台（政务外网）-系统负载 巡检成功 0/0，成功率 0%
2025-07-15 09:36:20 [INFO] 权益平台（互联网）-网络安全 巡检成功 1/1，成功率 100%
2025-07-15 09:36:20 [INFO] 权益平台（互联网）-基础资源 巡检成功 1/1，成功率 100%
2025-07-15 09:36:20 [INFO] 综合系统（腾讯云）-网络安全 巡检成功 1/1，成功率 100%
2025-07-15 09:36:20 [INFO] 民生卡业务网络专线 巡检成功 1/1，成功率 100%
2025-07-15 09:36:20 [INFO] 综合系统（腾讯云）-基础资源 巡检成功 1/1，成功率 100%
2025-07-15 09:36:20 [WARNING] [异常平台] 权益平台（政务外网）-系统负载 成功率 0%，失败时段：
2025-07-15 09:36:20 [INFO] 总共成功 10/10，成功率 100.0%
2025-07-15 09:36:20 [INFO] 巡检结果已保存至 Excel 文件：巡检邮件统计_2025-07-15.xlsx
2025-07-15 09:36:20 [INFO] 邮件发送成功，收件人：['hwy']


2025-07-15 10:00:43 [INFO] 开始巡检任务：2025-07-15
2025-07-15 10:00:43 [INFO] 网管中心-基础资源 巡检成功 1/1，成功率 100%
2025-07-15 10:00:43 [INFO] 网管中心-网络安全 巡检成功 1/1，成功率 100%
2025-07-15 10:00:43 [INFO] 网管中心-北京通业务系统 巡检成功 1/1，成功率 100%
2025-07-15 10:00:43 [INFO] 权益平台（政务外网）-基础资源 巡检成功 1/1，成功率 100%
2025-07-15 10:00:43 [INFO] 权益平台（政务外网）-网络安全 巡检成功 1/1，成功率 100%
2025-07-15 10:00:43 [INFO] 权益平台（政务外网）-系统负载 巡检成功 1/1，成功率 100%
2025-07-15 10:00:43 [INFO] 权益平台（互联网）-网络安全 巡检成功 1/1，成功率 100%
2025-07-15 10:00:43 [INFO] 权益平台（互联网）-基础资源 巡检成功 1/1，成功率 100%
2025-07-15 10:00:43 [INFO] 综合系统（腾讯云）-网络安全 巡检成功 1/1，成功率 100%
2025-07-15 10:00:43 [INFO] 民生卡业务网络专线 巡检成功 1/1，成功率 100%
2025-07-15 10:00:43 [INFO] 综合系统（腾讯云）-基础资源 巡检成功 1/1，成功率 100%
2025-07-15 10:00:43 [INFO] 总共成功 11/11，成功率 100.0%
2025-07-15 10:00:43 [INFO] 巡检结果已保存至 Excel 文件：巡检邮件统计_2025-07-15.xlsx
2025-07-15 10:00:45 [INFO] 邮件发送成功，收件人：['hwy']


2025-07-15 11:43:32 [INFO] 开始巡检任务：2025-07-15
2025-07-15 11:43:32 [INFO] 网管中心-基础资源 巡检成功 1/1，成功率 100%
2025-07-15 11:43:32 [INFO] 网管中心-网络安全 巡检成功 1/1，成功率 100%
2025-07-15 11:43:32 [INFO] 网管中心-北京通业务系统 巡检成功 1/1，成功率 100%
2025-07-15 11:43:32 [INFO] 权益平台（政务外网）-基础资源 巡检成功 1/1，成功率 100%
2025-07-15 11:43:32 [INFO] 权益平台（政务外网）-网络安全 巡检成功 1/2，成功率 50%
2025-07-15 11:43:32 [INFO] 权益平台（政务外网）-系统负载 巡检成功 1/1，成功率 100%
2025-07-15 11:43:32 [INFO] 权益平台（互联网）-网络安全 巡检成功 1/2，成功率 50%
2025-07-15 11:43:32 [INFO] 权益平台（互联网）-基础资源 巡检成功 1/1，成功率 100%
2025-07-15 11:43:32 [INFO] 综合系统（腾讯云）-网络安全 巡检成功 1/1，成功率 100%
2025-07-15 11:43:32 [INFO] 民生卡业务网络专线 巡检成功 1/1，成功率 100%
2025-07-15 11:43:32 [INFO] 综合系统（腾讯云）-基础资源 巡检成功 1/1，成功率 100%
2025-07-15 11:43:32 [WARNING] [异常平台] 权益平台（政务外网）-网络安全 成功率 50%，失败时段：11:15
2025-07-15 11:43:32 [WARNING] [异常平台] 权益平台（互联网）-网络安全 成功率 50%，失败时段：11:00
2025-07-15 11:43:32 [INFO] 总共成功 11/13，成功率 84.6%
2025-07-15 11:43:32 [INFO] 巡检结果已保存至 Excel 文件：巡检邮件统计_2025-07-15.xlsx
2025-07-15 11:43:35 [INFO] 邮件发送成功，收件人：['hwy']


2025-07-15 11:43:39 [INFO] 开始巡检任务：2025-07-15
2025-07-15 11:43:39 [INFO] 网管中心-基础资源 巡检成功 1/1，成功率 100%
2025-07-15 11:43:39 [INFO] 网管中心-网络安全 巡检成功 1/1，成功率 100%
2025-07-15 11:43:39 [INFO] 网管中心-北京通业务系统 巡检成功 1/1，成功率 100%
2025-07-15 11:43:39 [INFO] 权益平台（政务外网）-基础资源 巡检成功 1/1，成功率 100%
2025-07-15 11:43:39 [INFO] 权益平台（政务外网）-网络安全 巡检成功 1/2，成功率 50%
2025-07-15 11:43:39 [INFO] 权益平台（政务外网）-系统负载 巡检成功 1/1，成功率 100%
2025-07-15 11:43:39 [INFO] 权益平台（互联网）-网络安全 巡检成功 1/2，成功率 50%
2025-07-15 11:43:39 [INFO] 权益平台（互联网）-基础资源 巡检成功 1/1，成功率 100%
2025-07-15 11:43:39 [INFO] 综合系统（腾讯云）-网络安全 巡检成功 1/1，成功率 100%
2025-07-15 11:43:39 [INFO] 民生卡业务网络专线 巡检成功 1/1，成功率 100%
2025-07-15 11:43:39 [INFO] 综合系统（腾讯云）-基础资源 巡检成功 1/1，成功率 100%
2025-07-15 11:43:39 [WARNING] [异常平台] 权益平台（政务外网）-网络安全 成功率 50%，失败时段：11:15
2025-07-15 11:43:39 [WARNING] [异常平台] 权益平台（互联网）-网络安全 成功率 50%，失败时段：11:00
2025-07-15 11:43:39 [INFO] 总共成功 11/13，成功率 84.6%
2025-07-15 11:43:39 [INFO] 巡检结果已保存至 Excel 文件：巡检邮件统计_2025-07-15.xlsx
2025-07-15 11:43:40 [INFO] 邮件发送成功，收件人：['hwy']


2025-07-15 11:45:11 [INFO] 开始巡检任务：2025-07-15
2025-07-15 11:45:11 [INFO] 网管中心-基础资源 巡检成功 2/2，成功率 100%
2025-07-15 11:45:11 [INFO] 网管中心-网络安全 巡检成功 2/2，成功率 100%
2025-07-15 11:45:11 [INFO] 网管中心-北京通业务系统 巡检成功 1/1，成功率 100%
2025-07-15 11:45:11 [INFO] 权益平台（政务外网）-基础资源 巡检成功 1/1，成功率 100%
2025-07-15 11:45:11 [INFO] 权益平台（政务外网）-网络安全 巡检成功 2/2，成功率 100%
2025-07-15 11:45:11 [INFO] 权益平台（政务外网）-系统负载 巡检成功 1/1，成功率 100%
2025-07-15 11:45:11 [INFO] 权益平台（互联网）-网络安全 巡检成功 2/2，成功率 100%
2025-07-15 11:45:11 [INFO] 权益平台（互联网）-基础资源 巡检成功 1/1，成功率 100%
2025-07-15 11:45:11 [INFO] 综合系统（腾讯云）-网络安全 巡检成功 1/1，成功率 100%
2025-07-15 11:45:11 [INFO] 民生卡业务网络专线 巡检成功 1/1，成功率 100%
2025-07-15 11:45:11 [INFO] 综合系统（腾讯云）-基础资源 巡检成功 1/1，成功率 100%
2025-07-15 11:45:11 [INFO] 总共成功 15/15，成功率 100.0%
2025-07-15 11:45:11 [INFO] 巡检结果已保存至 Excel 文件：巡检邮件统计_2025-07-15.xlsx
2025-07-15 11:45:12 [INFO] 邮件发送成功，收件人：['hwy']


2025-07-15 13:49:20 [INFO] 开始巡检任务：2025-07-15
2025-07-15 13:49:20 [INFO] 网管中心-基础资源 巡检成功 2/2，成功率 100%
2025-07-15 13:49:20 [INFO] 网管中心-网络安全 巡检成功 2/2，成功率 100%
2025-07-15 13:49:20 [INFO] 网管中心-北京通业务系统 巡检成功 1/1，成功率 100%
2025-07-15 13:49:20 [INFO] 权益平台（政务外网）-基础资源 巡检成功 1/2，成功率 50%
2025-07-15 13:49:20 [INFO] 权益平台（政务外网）-网络安全 巡检成功 2/2，成功率 100%
2025-07-15 13:49:20 [INFO] 权益平台（政务外网）-系统负载 巡检成功 1/1，成功率 100%
2025-07-15 13:49:20 [INFO] 权益平台（互联网）-网络安全 巡检成功 2/2，成功率 100%
2025-07-15 13:49:20 [INFO] 权益平台（互联网）-基础资源 巡检成功 1/2，成功率 50%
2025-07-15 13:49:20 [INFO] 综合系统（腾讯云）-网络安全 巡检成功 1/2，成功率 50%
2025-07-15 13:49:20 [INFO] 民生卡业务网络专线 巡检成功 1/2，成功率 50%
2025-07-15 13:49:20 [INFO] 综合系统（腾讯云）-基础资源 巡检成功 1/1，成功率 100%
2025-07-15 13:49:20 [WARNING] [异常平台] 权益平台（政务外网）-基础资源 成功率 50%，失败时段：12:00
2025-07-15 13:49:20 [WARNING] [异常平台] 权益平台（互联网）-基础资源 成功率 50%，失败时段：12:10
2025-07-15 13:49:20 [WARNING] [异常平台] 综合系统（腾讯云）-网络安全 成功率 50%，失败时段：12:00
2025-07-15 13:49:20 [WARNING] [异常平台] 民生卡业务网络专线 成功率 50%，失败时段：12:10
2025-07-15 13:49:20 [INFO] 总共成功 15/19，成功率 78.9%
2025-07-15 13:49:20 [INFO] 巡检结果已保存至 Excel 文件：巡检邮件统计_2025-07-15.xlsx
2025-07-15 13:49:20 [INFO] 邮件发送成功，收件人：['hwy']


2025-07-15 13:49:33 [INFO] 开始巡检任务：2025-07-15
2025-07-15 13:49:33 [INFO] 网管中心-基础资源 巡检成功 2/2，成功率 100%
2025-07-15 13:49:33 [INFO] 网管中心-网络安全 巡检成功 2/2，成功率 100%
2025-07-15 13:49:33 [INFO] 网管中心-北京通业务系统 巡检成功 1/1，成功率 100%
2025-07-15 13:49:33 [INFO] 权益平台（政务外网）-基础资源 巡检成功 1/2，成功率 50%
2025-07-15 13:49:33 [INFO] 权益平台（政务外网）-网络安全 巡检成功 2/2，成功率 100%
2025-07-15 13:49:33 [INFO] 权益平台（政务外网）-系统负载 巡检成功 1/1，成功率 100%
2025-07-15 13:49:33 [INFO] 权益平台（互联网）-网络安全 巡检成功 2/2，成功率 100%
2025-07-15 13:49:33 [INFO] 权益平台（互联网）-基础资源 巡检成功 1/2，成功率 50%
2025-07-15 13:49:33 [INFO] 综合系统（腾讯云）-网络安全 巡检成功 1/2，成功率 50%
2025-07-15 13:49:33 [INFO] 民生卡业务网络专线 巡检成功 1/2，成功率 50%
2025-07-15 13:49:33 [INFO] 综合系统（腾讯云）-基础资源 巡检成功 1/1，成功率 100%
2025-07-15 13:49:33 [WARNING] [异常平台] 权益平台（政务外网）-基础资源 成功率 50%，失败时段：12:00
2025-07-15 13:49:33 [WARNING] [异常平台] 权益平台（互联网）-基础资源 成功率 50%，失败时段：12:10
2025-07-15 13:49:33 [WARNING] [异常平台] 综合系统（腾讯云）-网络安全 成功率 50%，失败时段：12:00
2025-07-15 13:49:33 [WARNING] [异常平台] 民生卡业务网络专线 成功率 50%，失败时段：12:10
2025-07-15 13:49:33 [INFO] 总共成功 15/19，成功率 78.9%
2025-07-15 13:49:33 [INFO] 巡检结果已保存至 Excel 文件：巡检邮件统计_2025-07-15.xlsx
2025-07-15 13:49:33 [INFO] 邮件发送成功，收件人：['hwy']


2025-07-15 13:49:48 [INFO] 开始巡检任务：2025-07-15
2025-07-15 13:49:48 [INFO] 网管中心-基础资源 巡检成功 2/2，成功率 100%
2025-07-15 13:49:48 [INFO] 网管中心-网络安全 巡检成功 2/2，成功率 100%
2025-07-15 13:49:48 [INFO] 网管中心-北京通业务系统 巡检成功 1/1，成功率 100%
2025-07-15 13:49:48 [INFO] 权益平台（政务外网）-基础资源 巡检成功 2/2，成功率 100%
2025-07-15 13:49:48 [INFO] 权益平台（政务外网）-网络安全 巡检成功 2/2，成功率 100%
2025-07-15 13:49:48 [INFO] 权益平台（政务外网）-系统负载 巡检成功 2/2，成功率 100%
2025-07-15 13:49:48 [INFO] 权益平台（互联网）-网络安全 巡检成功 2/2，成功率 100%
2025-07-15 13:49:48 [INFO] 权益平台（互联网）-基础资源 巡检成功 2/2，成功率 100%
2025-07-15 13:49:48 [INFO] 综合系统（腾讯云）-网络安全 巡检成功 2/2，成功率 100%
2025-07-15 13:49:48 [INFO] 民生卡业务网络专线 巡检成功 2/2，成功率 100%
2025-07-15 13:49:48 [INFO] 综合系统（腾讯云）-基础资源 巡检成功 2/2，成功率 100%
2025-07-15 13:49:48 [INFO] 总共成功 21/21，成功率 100.0%
2025-07-15 13:49:48 [INFO] 巡检结果已保存至 Excel 文件：巡检邮件统计_2025-07-15.xlsx
2025-07-15 13:49:48 [INFO] 邮件发送成功，收件人：['hwy']


2025-07-15 14:59:41 [INFO] 开始巡检任务：2025-07-15
2025-07-15 14:59:41 [INFO] 网管中心-基础资源 巡检成功 2/2，成功率 100%
2025-07-15 14:59:41 [INFO] 网管中心-网络安全 巡检成功 2/2，成功率 100%
2025-07-15 14:59:41 [INFO] 网管中心-北京通业务系统 巡检成功 1/1，成功率 100%
2025-07-15 14:59:41 [INFO] 权益平台（政务外网）-基础资源 巡检成功 2/2，成功率 100%
2025-07-15 14:59:41 [INFO] 权益平台（政务外网）-网络安全 巡检成功 2/2，成功率 100%
2025-07-15 14:59:41 [INFO] 权益平台（政务外网）-系统负载 巡检成功 2/2，成功率 100%
2025-07-15 14:59:41 [INFO] 权益平台（互联网）-网络安全 巡检成功 2/3，成功率 67%
2025-07-15 14:59:41 [INFO] 权益平台（互联网）-基础资源 巡检成功 2/2，成功率 100%
2025-07-15 14:59:41 [INFO] 综合系统（腾讯云）-网络安全 巡检成功 2/2，成功率 100%
2025-07-15 14:59:41 [INFO] 民生卡业务网络专线 巡检成功 2/2，成功率 100%
2025-07-15 14:59:41 [INFO] 综合系统（腾讯云）-基础资源 巡检成功 2/2，成功率 100%
2025-07-15 14:59:41 [WARNING] [异常平台] 权益平台（互联网）-网络安全 成功率 67%，失败时段：14:00
2025-07-15 14:59:41 [INFO] 总共成功 21/22，成功率 95.5%
2025-07-15 14:59:41 [INFO] 巡检结果已保存至 Excel 文件：巡检邮件统计_2025-07-15.xlsx
2025-07-15 14:59:41 [INFO] 邮件发送成功，收件人：['hwy']


2025-07-15 15:00:30 [INFO] 开始巡检任务：2025-07-15
2025-07-15 15:00:30 [INFO] 网管中心-基础资源 巡检成功 2/2，成功率 100%
2025-07-15 15:00:30 [INFO] 网管中心-网络安全 巡检成功 3/3，成功率 100%
2025-07-15 15:00:30 [INFO] 网管中心-北京通业务系统 巡检成功 1/1，成功率 100%
2025-07-15 15:00:30 [INFO] 权益平台（政务外网）-基础资源 巡检成功 2/2，成功率 100%
2025-07-15 15:00:30 [INFO] 权益平台（政务外网）-网络安全 巡检成功 2/2，成功率 100%
2025-07-15 15:00:30 [INFO] 权益平台（政务外网）-系统负载 巡检成功 2/2，成功率 100%
2025-07-15 15:00:30 [INFO] 权益平台（互联网）-网络安全 巡检成功 3/3，成功率 100%
2025-07-15 15:00:30 [INFO] 权益平台（互联网）-基础资源 巡检成功 2/2，成功率 100%
2025-07-15 15:00:30 [INFO] 综合系统（腾讯云）-网络安全 巡检成功 2/2，成功率 100%
2025-07-15 15:00:30 [INFO] 民生卡业务网络专线 巡检成功 2/2，成功率 100%
2025-07-15 15:00:30 [INFO] 综合系统（腾讯云）-基础资源 巡检成功 2/2，成功率 100%
2025-07-15 15:00:30 [INFO] 总共成功 23/23，成功率 100.0%
2025-07-15 15:00:37 [INFO] 开始巡检任务：2025-07-15
2025-07-15 15:00:37 [INFO] 网管中心-基础资源 巡检成功 2/2，成功率 100%
2025-07-15 15:00:37 [INFO] 网管中心-网络安全 巡检成功 3/3，成功率 100%
2025-07-15 15:00:37 [INFO] 网管中心-北京通业务系统 巡检成功 1/1，成功率 100%
2025-07-15 15:00:37 [INFO] 权益平台（政务外网）-基础资源 巡检成功 2/2，成功率 100%
2025-07-15 15:00:37 [INFO] 权益平台（政务外网）-网络安全 巡检成功 2/2，成功率 100%
2025-07-15 15:00:37 [INFO] 权益平台（政务外网）-系统负载 巡检成功 2/2，成功率 100%
2025-07-15 15:00:37 [INFO] 权益平台（互联网）-网络安全 巡检成功 3/3，成功率 100%
2025-07-15 15:00:37 [INFO] 权益平台（互联网）-基础资源 巡检成功 2/2，成功率 100%
2025-07-15 15:00:37 [INFO] 综合系统（腾讯云）-网络安全 巡检成功 2/2，成功率 100%
2025-07-15 15:00:37 [INFO] 民生卡业务网络专线 巡检成功 2/2，成功率 100%
2025-07-15 15:00:37 [INFO] 综合系统（腾讯云）-基础资源 巡检成功 2/2，成功率 100%
2025-07-15 15:00:37 [INFO] 总共成功 23/23，成功率 100.0%
2025-07-15 15:00:37 [INFO] 巡检结果已保存至 Excel 文件：巡检邮件统计_2025-07-15.xlsx
2025-07-15 15:00:38 [INFO] 邮件发送成功，收件人：['hwy']


2025-07-15 15:53:39 [INFO] 开始巡检任务：2025-07-15
2025-07-15 15:53:39 [INFO] 网管中心-基础资源 巡检成功 2/3，成功率 67%
2025-07-15 15:53:39 [INFO] 网管中心-网络安全 巡检成功 3/3，成功率 100%
2025-07-15 15:53:39 [INFO] 网管中心-北京通业务系统 巡检成功 1/1，成功率 100%
2025-07-15 15:53:39 [INFO] 权益平台（政务外网）-基础资源 巡检成功 2/2，成功率 100%
2025-07-15 15:53:39 [INFO] 权益平台（政务外网）-网络安全 巡检成功 2/3，成功率 67%
2025-07-15 15:53:39 [INFO] 权益平台（政务外网）-系统负载 巡检成功 2/2，成功率 100%
2025-07-15 15:53:39 [INFO] 权益平台（互联网）-网络安全 巡检成功 3/3，成功率 100%
2025-07-15 15:53:39 [INFO] 权益平台（互联网）-基础资源 巡检成功 2/2，成功率 100%
2025-07-15 15:53:39 [INFO] 综合系统（腾讯云）-网络安全 巡检成功 2/2，成功率 100%
2025-07-15 15:53:39 [INFO] 民生卡业务网络专线 巡检成功 2/2，成功率 100%
2025-07-15 15:53:39 [INFO] 综合系统（腾讯云）-基础资源 巡检成功 2/2，成功率 100%
2025-07-15 15:53:39 [WARNING] [异常平台] 网管中心-基础资源 成功率 67%，失败时段：15:30
2025-07-15 15:53:39 [WARNING] [异常平台] 权益平台（政务外网）-网络安全 成功率 67%，失败时段：15:15
2025-07-15 15:53:39 [INFO] 总共成功 23/25，成功率 92.0%
2025-07-15 15:53:39 [INFO] 巡检结果已保存至 Excel 文件：巡检邮件统计_2025-07-15.xlsx
2025-07-15 15:53:40 [INFO] 邮件发送成功，收件人：['hwy']


2025-07-15 15:53:47 [INFO] 开始巡检任务：2025-07-15
2025-07-15 15:53:47 [INFO] 网管中心-基础资源 巡检成功 3/3，成功率 100%
2025-07-15 15:53:47 [INFO] 网管中心-网络安全 巡检成功 3/3，成功率 100%
2025-07-15 15:53:47 [INFO] 网管中心-北京通业务系统 巡检成功 1/1，成功率 100%
2025-07-15 15:53:47 [INFO] 权益平台（政务外网）-基础资源 巡检成功 2/2，成功率 100%
2025-07-15 15:53:47 [INFO] 权益平台（政务外网）-网络安全 巡检成功 3/3，成功率 100%
2025-07-15 15:53:47 [INFO] 权益平台（政务外网）-系统负载 巡检成功 2/2，成功率 100%
2025-07-15 15:53:47 [INFO] 权益平台（互联网）-网络安全 巡检成功 3/3，成功率 100%
2025-07-15 15:53:47 [INFO] 权益平台（互联网）-基础资源 巡检成功 2/2，成功率 100%
2025-07-15 15:53:47 [INFO] 综合系统（腾讯云）-网络安全 巡检成功 2/2，成功率 100%
2025-07-15 15:53:47 [INFO] 民生卡业务网络专线 巡检成功 2/2，成功率 100%
2025-07-15 15:53:47 [INFO] 综合系统（腾讯云）-基础资源 巡检成功 2/2，成功率 100%
2025-07-15 15:53:47 [INFO] 总共成功 25/25，成功率 100.0%
2025-07-15 15:53:47 [INFO] 巡检结果已保存至 Excel 文件：巡检邮件统计_2025-07-15.xlsx
2025-07-15 15:53:47 [INFO] 邮件发送成功，收件人：['hwy']


2025-07-15 18:52:36 [INFO] 开始巡检任务：2025-07-15
2025-07-15 18:52:36 [INFO] 网管中心-基础资源 巡检成功 3/3，成功率 100%
2025-07-15 18:52:36 [INFO] 网管中心-网络安全 巡检成功 3/4，成功率 75%
2025-07-15 18:52:36 [INFO] 网管中心-北京通业务系统 巡检成功 1/1，成功率 100%
2025-07-15 18:52:36 [INFO] 权益平台（政务外网）-基础资源 巡检成功 2/3，成功率 67%
2025-07-15 18:52:36 [INFO] 权益平台（政务外网）-网络安全 巡检成功 3/4，成功率 75%
2025-07-15 18:52:36 [INFO] 权益平台（政务外网）-系统负载 巡检成功 2/3，成功率 67%
2025-07-15 18:52:36 [INFO] 权益平台（互联网）-网络安全 巡检成功 4/4，成功率 100%
2025-07-15 18:52:36 [INFO] 权益平台（互联网）-基础资源 巡检成功 2/3，成功率 67%
2025-07-15 18:52:36 [INFO] 综合系统（腾讯云）-网络安全 巡检成功 2/3，成功率 67%
2025-07-15 18:52:36 [INFO] 民生卡业务网络专线 巡检成功 2/3，成功率 67%
2025-07-15 18:52:36 [INFO] 综合系统（腾讯云）-基础资源 巡检成功 2/2，成功率 100%
2025-07-15 18:52:36 [WARNING] [异常平台] 网管中心-网络安全 成功率 75%，失败时段：17:30
2025-07-15 18:52:36 [WARNING] [异常平台] 权益平台（政务外网）-基础资源 成功率 67%，失败时段：16:00
2025-07-15 18:52:36 [WARNING] [异常平台] 权益平台（政务外网）-网络安全 成功率 75%，失败时段：18:15
2025-07-15 18:52:36 [WARNING] [异常平台] 权益平台（政务外网）-系统负载 成功率 67%，失败时段：17:30
2025-07-15 18:52:36 [WARNING] [异常平台] 权益平台（互联网）-基础资源 成功率 67%，失败时段：16:10
2025-07-15 18:52:36 [WARNING] [异常平台] 综合系统（腾讯云）-网络安全 成功率 67%，失败时段：16:00
2025-07-15 18:52:36 [WARNING] [异常平台] 民生卡业务网络专线 成功率 67%，失败时段：16:10
2025-07-15 18:52:36 [INFO] 总共成功 26/33，成功率 78.8%
2025-07-15 18:52:36 [INFO] 巡检结果已保存至 Excel 文件：巡检邮件统计_2025-07-15.xlsx
2025-07-15 18:52:38 [INFO] 邮件发送成功，收件人：['hwy']


2025-07-15 18:52:41 [INFO] 开始巡检任务：2025-07-15
2025-07-15 18:52:41 [INFO] 网管中心-基础资源 巡检成功 3/3，成功率 100%
2025-07-15 18:52:41 [INFO] 网管中心-网络安全 巡检成功 3/4，成功率 75%
2025-07-15 18:52:41 [INFO] 网管中心-北京通业务系统 巡检成功 1/1，成功率 100%
2025-07-15 18:52:41 [INFO] 权益平台（政务外网）-基础资源 巡检成功 2/3，成功率 67%
2025-07-15 18:52:41 [INFO] 权益平台（政务外网）-网络安全 巡检成功 4/4，成功率 100%
2025-07-15 18:52:41 [INFO] 权益平台（政务外网）-系统负载 巡检成功 2/3，成功率 67%
2025-07-15 18:52:41 [INFO] 权益平台（互联网）-网络安全 巡检成功 4/4，成功率 100%
2025-07-15 18:52:41 [INFO] 权益平台（互联网）-基础资源 巡检成功 2/3，成功率 67%
2025-07-15 18:52:41 [INFO] 综合系统（腾讯云）-网络安全 巡检成功 2/3，成功率 67%
2025-07-15 18:52:41 [INFO] 民生卡业务网络专线 巡检成功 2/3，成功率 67%
2025-07-15 18:52:41 [INFO] 综合系统（腾讯云）-基础资源 巡检成功 2/2，成功率 100%
2025-07-15 18:52:41 [WARNING] [异常平台] 网管中心-网络安全 成功率 75%，失败时段：17:30
2025-07-15 18:52:41 [WARNING] [异常平台] 权益平台（政务外网）-基础资源 成功率 67%，失败时段：16:00
2025-07-15 18:52:41 [WARNING] [异常平台] 权益平台（政务外网）-系统负载 成功率 67%，失败时段：17:30
2025-07-15 18:52:41 [WARNING] [异常平台] 权益平台（互联网）-基础资源 成功率 67%，失败时段：16:10
2025-07-15 18:52:41 [WARNING] [异常平台] 综合系统（腾讯云）-网络安全 成功率 67%，失败时段：16:00
2025-07-15 18:52:41 [WARNING] [异常平台] 民生卡业务网络专线 成功率 67%，失败时段：16:10
2025-07-15 18:52:41 [INFO] 总共成功 27/33，成功率 81.8%
2025-07-15 18:52:41 [INFO] 巡检结果已保存至 Excel 文件：巡检邮件统计_2025-07-15.xlsx
2025-07-15 18:52:42 [INFO] 邮件发送成功，收件人：['hwy']


2025-07-15 18:58:03 [INFO] 开始巡检任务：2025-07-15
2025-07-15 18:58:03 [INFO] 网管中心-基础资源 巡检成功 3/3，成功率 100%
2025-07-15 18:58:03 [INFO] 网管中心-网络安全 巡检成功 3/4，成功率 75%
2025-07-15 18:58:03 [INFO] 网管中心-北京通业务系统 巡检成功 1/1，成功率 100%
2025-07-15 18:58:03 [INFO] 权益平台（政务外网）-基础资源 巡检成功 2/3，成功率 67%
2025-07-15 18:58:03 [INFO] 权益平台（政务外网）-网络安全 巡检成功 4/4，成功率 100%
2025-07-15 18:58:03 [INFO] 权益平台（政务外网）-系统负载 巡检成功 2/3，成功率 67%
2025-07-15 18:58:03 [INFO] 权益平台（互联网）-网络安全 巡检成功 4/4，成功率 100%
2025-07-15 18:58:03 [INFO] 权益平台（互联网）-基础资源 巡检成功 2/3，成功率 67%
2025-07-15 18:58:03 [INFO] 综合系统（腾讯云）-网络安全 巡检成功 2/3，成功率 67%
2025-07-15 18:58:03 [INFO] 民生卡业务网络专线 巡检成功 2/3，成功率 67%
2025-07-15 18:58:03 [INFO] 综合系统（腾讯云）-基础资源 巡检成功 2/2，成功率 100%
2025-07-15 18:58:03 [WARNING] [异常平台] 网管中心-网络安全 成功率 75%，失败时段：17:30
2025-07-15 18:58:03 [WARNING] [异常平台] 权益平台（政务外网）-基础资源 成功率 67%，失败时段：16:00
2025-07-15 18:58:03 [WARNING] [异常平台] 权益平台（政务外网）-系统负载 成功率 67%，失败时段：17:30
2025-07-15 18:58:03 [WARNING] [异常平台] 权益平台（互联网）-基础资源 成功率 67%，失败时段：16:10
2025-07-15 18:58:03 [WARNING] [异常平台] 综合系统（腾讯云）-网络安全 成功率 67%，失败时段：16:00
2025-07-15 18:58:03 [WARNING] [异常平台] 民生卡业务网络专线 成功率 67%，失败时段：16:10
2025-07-15 18:58:03 [INFO] 总共成功 27/33，成功率 81.8%
2025-07-15 18:58:04 [INFO] 巡检结果已保存至 Excel 文件：巡检邮件统计_2025-07-15.xlsx
2025-07-15 18:58:04 [INFO] 邮件发送成功，收件人：['hwy']


2025-07-15 19:01:03 [INFO] 开始巡检任务：2025-07-15
2025-07-15 19:01:03 [INFO] 网管中心-基础资源 巡检成功 3/3，成功率 100%
2025-07-15 19:01:03 [INFO] 网管中心-网络安全 巡检成功 3/4，成功率 75%
2025-07-15 19:01:03 [INFO] 网管中心-北京通业务系统 巡检成功 1/1，成功率 100%
2025-07-15 19:01:03 [INFO] 权益平台（政务外网）-基础资源 巡检成功 2/3，成功率 67%
2025-07-15 19:01:03 [INFO] 权益平台（政务外网）-网络安全 巡检成功 4/4，成功率 100%
2025-07-15 19:01:03 [INFO] 权益平台（政务外网）-系统负载 巡检成功 2/3，成功率 67%
2025-07-15 19:01:03 [INFO] 权益平台（互联网）-网络安全 巡检成功 4/4，成功率 100%
2025-07-15 19:01:03 [INFO] 权益平台（互联网）-基础资源 巡检成功 2/3，成功率 67%
2025-07-15 19:01:03 [INFO] 综合系统（腾讯云）-网络安全 巡检成功 2/3，成功率 67%
2025-07-15 19:01:03 [INFO] 民生卡业务网络专线 巡检成功 2/3，成功率 67%
2025-07-15 19:01:03 [INFO] 综合系统（腾讯云）-基础资源 巡检成功 2/3，成功率 67%
2025-07-15 19:01:03 [WARNING] [异常平台] 网管中心-网络安全 成功率 75%，失败时段：17:30
2025-07-15 19:01:03 [WARNING] [异常平台] 权益平台（政务外网）-基础资源 成功率 67%，失败时段：16:00
2025-07-15 19:01:03 [WARNING] [异常平台] 权益平台（政务外网）-系统负载 成功率 67%，失败时段：17:30
2025-07-15 19:01:03 [WARNING] [异常平台] 权益平台（互联网）-基础资源 成功率 67%，失败时段：16:10
2025-07-15 19:01:03 [WARNING] [异常平台] 综合系统（腾讯云）-网络安全 成功率 67%，失败时段：16:00
2025-07-15 19:01:03 [WARNING] [异常平台] 民生卡业务网络专线 成功率 67%，失败时段：16:10
2025-07-15 19:01:03 [WARNING] [异常平台] 综合系统（腾讯云）-基础资源 成功率 67%，失败时段：16:30
2025-07-15 19:01:03 [INFO] 总共成功 27/34，成功率 79.4%
2025-07-15 19:01:03 [INFO] 巡检结果已保存至 Excel 文件：巡检邮件统计_2025-07-15.xlsx
2025-07-15 19:01:03 [INFO] 邮件发送成功，收件人：['hwy']


2025-07-16 09:33:33 [INFO] 开始巡检任务：2025-07-16
2025-07-16 09:33:33 [INFO] 网管中心-基础资源 巡检成功 1/1，成功率 100%
2025-07-16 09:33:33 [INFO] 网管中心-网络安全 巡检成功 1/1，成功率 100%
2025-07-16 09:33:33 [INFO] 网管中心-北京通业务系统 巡检成功 1/1，成功率 100%
2025-07-16 09:33:33 [INFO] 权益平台（政务外网）-基础资源 巡检成功 1/1，成功率 100%
2025-07-16 09:33:33 [INFO] 权益平台（政务外网）-网络安全 巡检成功 1/1，成功率 100%
2025-07-16 09:33:33 [INFO] 权益平台（政务外网）-系统负载 巡检成功 0/0，成功率 0%
2025-07-16 09:33:33 [INFO] 权益平台（互联网）-网络安全 巡检成功 1/1，成功率 100%
2025-07-16 09:33:33 [INFO] 权益平台（互联网）-基础资源 巡检成功 0/1，成功率 0%
2025-07-16 09:33:33 [INFO] 综合系统（腾讯云）-网络安全 巡检成功 1/1，成功率 100%
2025-07-16 09:33:33 [INFO] 民生卡业务网络专线 巡检成功 1/1，成功率 100%
2025-07-16 09:33:33 [INFO] 综合系统（腾讯云）-基础资源 巡检成功 1/1，成功率 100%
2025-07-16 09:33:33 [WARNING] [异常平台] 权益平台（政务外网）-系统负载 成功率 0%，失败时段：
2025-07-16 09:33:33 [WARNING] [异常平台] 权益平台（互联网）-基础资源 成功率 0%，失败时段：08:10
2025-07-16 09:33:33 [INFO] 总共成功 9/10，成功率 90.0%
2025-07-16 09:33:33 [INFO] 巡检结果已保存至 Excel 文件：巡检邮件统计_2025-07-16.xlsx
2025-07-16 09:33:33 [INFO] 邮件发送成功，收件人：['hwy']


2025-07-16 09:41:16 [INFO] 开始巡检任务：2025-07-16
2025-07-16 09:41:16 [INFO] 网管中心-基础资源 巡检成功 1/1，成功率 100%
2025-07-16 09:41:16 [INFO] 网管中心-网络安全 巡检成功 1/1，成功率 100%
2025-07-16 09:41:16 [INFO] 网管中心-北京通业务系统 巡检成功 1/1，成功率 100%
2025-07-16 09:41:16 [INFO] 权益平台（政务外网）-基础资源 巡检成功 1/1，成功率 100%
2025-07-16 09:41:16 [INFO] 权益平台（政务外网）-网络安全 巡检成功 1/1，成功率 100%
2025-07-16 09:41:16 [INFO] 权益平台（政务外网）-系统负载 巡检成功 0/0，成功率 0%
2025-07-16 09:41:16 [INFO] 权益平台（互联网）-网络安全 巡检成功 1/1，成功率 100%
2025-07-16 09:41:16 [INFO] 权益平台（互联网）-基础资源 巡检成功 0/1，成功率 0%
2025-07-16 09:41:16 [INFO] 综合系统（腾讯云）-网络安全 巡检成功 1/1，成功率 100%
2025-07-16 09:41:16 [INFO] 民生卡业务网络专线 巡检成功 1/1，成功率 100%
2025-07-16 09:41:16 [INFO] 综合系统（腾讯云）-基础资源 巡检成功 1/1，成功率 100%
2025-07-16 09:41:16 [WARNING] [异常平台] 权益平台（政务外网）-系统负载 成功率 0%，失败时段：
2025-07-16 09:41:16 [WARNING] [异常平台] 权益平台（互联网）-基础资源 成功率 0%，失败时段：08:10
2025-07-16 09:41:16 [INFO] 总共成功 9/10，成功率 90.0%
2025-07-16 09:41:16 [INFO] 巡检结果已保存至 Excel 文件：巡检邮件统计_2025-07-16.xlsx
2025-07-16 09:41:16 [INFO] 邮件发送成功，收件人：['hwy']


2025-07-16 09:41:41 [INFO] 开始巡检任务：2025-07-16
2025-07-16 09:41:41 [INFO] 网管中心-基础资源 巡检成功 1/1，成功率 100%
2025-07-16 09:41:41 [INFO] 网管中心-网络安全 巡检成功 1/1，成功率 100%
2025-07-16 09:41:41 [INFO] 网管中心-北京通业务系统 巡检成功 1/1，成功率 100%
2025-07-16 09:41:41 [INFO] 权益平台（政务外网）-基础资源 巡检成功 1/1，成功率 100%
2025-07-16 09:41:41 [INFO] 权益平台（政务外网）-网络安全 巡检成功 1/1，成功率 100%
2025-07-16 09:41:41 [INFO] 权益平台（政务外网）-系统负载 巡检成功 0/0，成功率 0%
2025-07-16 09:41:41 [INFO] 权益平台（互联网）-网络安全 巡检成功 1/1，成功率 100%
2025-07-16 09:41:41 [INFO] 权益平台（互联网）-基础资源 巡检成功 0/1，成功率 0%
2025-07-16 09:41:41 [INFO] 综合系统（腾讯云）-网络安全 巡检成功 1/1，成功率 100%
2025-07-16 09:41:41 [INFO] 民生卡业务网络专线 巡检成功 1/1，成功率 100%
2025-07-16 09:41:41 [INFO] 综合系统（腾讯云）-基础资源 巡检成功 1/1，成功率 100%
2025-07-16 09:41:41 [WARNING] [异常平台] 权益平台（政务外网）-系统负载 成功率 0%，失败时段：
2025-07-16 09:41:41 [WARNING] [异常平台] 权益平台（互联网）-基础资源 成功率 0%，失败时段：08:10
2025-07-16 09:41:41 [INFO] 总共成功 9/10，成功率 90.0%
2025-07-16 09:41:41 [INFO] 巡检结果已保存至 Excel 文件：巡检邮件统计_2025-07-16.xlsx
2025-07-16 09:41:41 [INFO] 邮件发送成功，收件人：['hwy']


2025-07-16 09:48:30 [INFO] 开始巡检任务：2025-07-16
2025-07-16 09:48:30 [INFO] 网管中心-基础资源 巡检成功 1/1，成功率 100%
2025-07-16 09:48:30 [INFO] 网管中心-网络安全 巡检成功 1/1，成功率 100%
2025-07-16 09:48:30 [INFO] 网管中心-北京通业务系统 巡检成功 1/1，成功率 100%
2025-07-16 09:48:30 [INFO] 权益平台（政务外网）-基础资源 巡检成功 1/1，成功率 100%
2025-07-16 09:48:30 [INFO] 权益平台（政务外网）-网络安全 巡检成功 1/1，成功率 100%
2025-07-16 09:48:30 [INFO] 权益平台（政务外网）-系统负载 巡检成功 1/1，成功率 100%
2025-07-16 09:48:30 [INFO] 权益平台（互联网）-网络安全 巡检成功 1/1，成功率 100%
2025-07-16 09:48:30 [INFO] 权益平台（互联网）-基础资源 巡检成功 0/1，成功率 0%
2025-07-16 09:48:30 [INFO] 综合系统（腾讯云）-网络安全 巡检成功 1/1，成功率 100%
2025-07-16 09:48:30 [INFO] 民生卡业务网络专线 巡检成功 1/1，成功率 100%
2025-07-16 09:48:30 [INFO] 综合系统（腾讯云）-基础资源 巡检成功 1/1，成功率 100%
2025-07-16 09:48:30 [WARNING] [异常平台] 权益平台（互联网）-基础资源 成功率 0%，失败时段：08:10
2025-07-16 09:48:30 [INFO] 总共成功 10/11，成功率 90.9%
2025-07-16 09:48:38 [INFO] 开始巡检任务：2025-07-16
2025-07-16 09:48:38 [INFO] 网管中心-基础资源 巡检成功 1/1，成功率 100%
2025-07-16 09:48:38 [INFO] 网管中心-网络安全 巡检成功 1/1，成功率 100%
2025-07-16 09:48:38 [INFO] 网管中心-北京通业务系统 巡检成功 1/1，成功率 100%
2025-07-16 09:48:38 [INFO] 权益平台（政务外网）-基础资源 巡检成功 1/1，成功率 100%
2025-07-16 09:48:38 [INFO] 权益平台（政务外网）-网络安全 巡检成功 1/1，成功率 100%
2025-07-16 09:48:38 [INFO] 权益平台（政务外网）-系统负载 巡检成功 1/1，成功率 100%
2025-07-16 09:48:38 [INFO] 权益平台（互联网）-网络安全 巡检成功 1/1，成功率 100%
2025-07-16 09:48:38 [INFO] 权益平台（互联网）-基础资源 巡检成功 0/1，成功率 0%
2025-07-16 09:48:38 [INFO] 综合系统（腾讯云）-网络安全 巡检成功 1/1，成功率 100%
2025-07-16 09:48:38 [INFO] 民生卡业务网络专线 巡检成功 1/1，成功率 100%
2025-07-16 09:48:38 [INFO] 综合系统（腾讯云）-基础资源 巡检成功 1/1，成功率 100%
2025-07-16 09:48:38 [WARNING] [异常平台] 权益平台（互联网）-基础资源 成功率 0%，失败时段：08:10
2025-07-16 09:48:38 [INFO] 总共成功 10/11，成功率 90.9%
2025-07-16 09:48:38 [INFO] 巡检结果已保存至 Excel 文件：巡检邮件统计_2025-07-16.xlsx
2025-07-16 09:48:38 [INFO] 邮件发送成功，收件人：['hwy']


2025-07-16 10:33:48 [INFO] 开始巡检任务：2025-07-16
2025-07-16 10:33:48 [INFO] 网管中心-基础资源 巡检成功 1/1，成功率 100%
2025-07-16 10:33:48 [INFO] 网管中心-网络安全 巡检成功 1/1，成功率 100%
2025-07-16 10:33:48 [INFO] 网管中心-北京通业务系统 巡检成功 1/1，成功率 100%
2025-07-16 10:33:48 [INFO] 权益平台（政务外网）-基础资源 巡检成功 1/1，成功率 100%
2025-07-16 10:33:48 [INFO] 权益平台（政务外网）-网络安全 巡检成功 1/1，成功率 100%
2025-07-16 10:33:48 [INFO] 权益平台（政务外网）-系统负载 巡检成功 1/1，成功率 100%
2025-07-16 10:33:48 [INFO] 权益平台（互联网）-网络安全 巡检成功 1/1，成功率 100%
2025-07-16 10:33:48 [INFO] 权益平台（互联网）-基础资源 巡检成功 0/1，成功率 0%
2025-07-16 10:33:48 [INFO] 综合系统（腾讯云）-网络安全 巡检成功 1/1，成功率 100%
2025-07-16 10:33:48 [INFO] 民生卡业务网络专线 巡检成功 1/1，成功率 100%
2025-07-16 10:33:48 [INFO] 综合系统（腾讯云）-基础资源 巡检成功 1/1，成功率 100%
2025-07-16 10:33:48 [WARNING] [异常平台] 权益平台（互联网）-基础资源 成功率 0%，失败时段：08:10
2025-07-16 10:33:48 [INFO] 总共成功 10/11，成功率 90.9%
2025-07-16 10:33:48 [INFO] 巡检结果已保存至 Excel 文件：巡检邮件统计_2025-07-16.xlsx
2025-07-16 10:33:48 [INFO] 邮件发送成功，收件人：['hwy']


2025-07-16 13:08:16 [INFO] 开始巡检任务：2025-07-16
2025-07-16 13:08:16 [INFO] 网管中心-基础资源 巡检成功 2/2，成功率 100%
2025-07-16 13:08:16 [INFO] 网管中心-网络安全 巡检成功 2/2，成功率 100%
2025-07-16 13:08:16 [INFO] 网管中心-北京通业务系统 巡检成功 1/1，成功率 100%
2025-07-16 13:08:16 [INFO] 权益平台（政务外网）-基础资源 巡检成功 2/2，成功率 100%
2025-07-16 13:08:16 [INFO] 权益平台（政务外网）-网络安全 巡检成功 2/2，成功率 100%
2025-07-16 13:08:16 [INFO] 权益平台（政务外网）-系统负载 巡检成功 1/1，成功率 100%
2025-07-16 13:08:16 [INFO] 权益平台（互联网）-网络安全 巡检成功 2/2，成功率 100%
2025-07-16 13:08:16 [INFO] 权益平台（互联网）-基础资源 巡检成功 0/2，成功率 0%
2025-07-16 13:08:16 [INFO] 综合系统（腾讯云）-网络安全 巡检成功 2/2，成功率 100%
2025-07-16 13:08:16 [INFO] 民生卡业务网络专线 巡检成功 2/2，成功率 100%
2025-07-16 13:08:16 [INFO] 综合系统（腾讯云）-基础资源 巡检成功 1/1，成功率 100%
2025-07-16 13:08:16 [WARNING] [异常平台] 权益平台（互联网）-基础资源 成功率 0%，失败时段：08:10, 12:10
2025-07-16 13:08:16 [INFO] 总共成功 17/19，成功率 89.5%
2025-07-16 13:08:16 [INFO] 巡检结果已保存至 Excel 文件：巡检邮件统计_2025-07-16.xlsx
2025-07-16 13:08:16 [INFO] 邮件发送成功，收件人：['hwy']


2025-07-16 14:42:57 [INFO] 开始巡检任务：2025-07-16
2025-07-16 14:42:57 [INFO] 网管中心-基础资源 巡检成功 2/2，成功率 100%
2025-07-16 14:42:57 [INFO] 网管中心-网络安全 巡检成功 3/3，成功率 100%
2025-07-16 14:42:57 [INFO] 网管中心-北京通业务系统 巡检成功 1/1，成功率 100%
2025-07-16 14:42:57 [INFO] 权益平台（政务外网）-基础资源 巡检成功 2/2，成功率 100%
2025-07-16 14:42:57 [INFO] 权益平台（政务外网）-网络安全 巡检成功 2/2，成功率 100%
2025-07-16 14:42:57 [INFO] 权益平台（政务外网）-系统负载 巡检成功 2/2，成功率 100%
2025-07-16 14:42:57 [INFO] 权益平台（互联网）-网络安全 巡检成功 2/3，成功率 67%
2025-07-16 14:42:57 [INFO] 权益平台（互联网）-基础资源 巡检成功 0/2，成功率 0%
2025-07-16 14:42:57 [INFO] 综合系统（腾讯云）-网络安全 巡检成功 2/2，成功率 100%
2025-07-16 14:42:57 [INFO] 民生卡业务网络专线 巡检成功 2/2，成功率 100%
2025-07-16 14:42:57 [INFO] 综合系统（腾讯云）-基础资源 巡检成功 2/2，成功率 100%
2025-07-16 14:42:57 [WARNING] [异常平台] 权益平台（互联网）-网络安全 成功率 67%，失败时段：14:00
2025-07-16 14:42:57 [WARNING] [异常平台] 权益平台（互联网）-基础资源 成功率 0%，失败时段：08:10, 12:10
2025-07-16 14:42:57 [INFO] 总共成功 20/23，成功率 87.0%
2025-07-16 14:42:57 [INFO] 巡检结果已保存至 Excel 文件：巡检邮件统计_2025-07-16.xlsx
2025-07-16 14:42:58 [INFO] 邮件发送成功，收件人：['hwy']


2025-07-16 14:43:04 [INFO] 开始巡检任务：2025-07-16
2025-07-16 14:43:04 [INFO] 网管中心-基础资源 巡检成功 2/2，成功率 100%
2025-07-16 14:43:04 [INFO] 网管中心-网络安全 巡检成功 3/3，成功率 100%
2025-07-16 14:43:04 [INFO] 网管中心-北京通业务系统 巡检成功 1/1，成功率 100%
2025-07-16 14:43:04 [INFO] 权益平台（政务外网）-基础资源 巡检成功 2/2，成功率 100%
2025-07-16 14:43:04 [INFO] 权益平台（政务外网）-网络安全 巡检成功 2/2，成功率 100%
2025-07-16 14:43:04 [INFO] 权益平台（政务外网）-系统负载 巡检成功 2/2，成功率 100%
2025-07-16 14:43:04 [INFO] 权益平台（互联网）-网络安全 巡检成功 2/3，成功率 67%
2025-07-16 14:43:04 [INFO] 权益平台（互联网）-基础资源 巡检成功 0/2，成功率 0%
2025-07-16 14:43:04 [INFO] 综合系统（腾讯云）-网络安全 巡检成功 2/2，成功率 100%
2025-07-16 14:43:04 [INFO] 民生卡业务网络专线 巡检成功 2/2，成功率 100%
2025-07-16 14:43:04 [INFO] 综合系统（腾讯云）-基础资源 巡检成功 2/2，成功率 100%
2025-07-16 14:43:04 [WARNING] [异常平台] 权益平台（互联网）-网络安全 成功率 67%，失败时段：14:00
2025-07-16 14:43:04 [WARNING] [异常平台] 权益平台（互联网）-基础资源 成功率 0%，失败时段：08:10, 12:10
2025-07-16 14:43:04 [INFO] 总共成功 20/23，成功率 87.0%
2025-07-16 14:43:04 [INFO] 巡检结果已保存至 Excel 文件：巡检邮件统计_2025-07-16.xlsx
2025-07-16 14:43:05 [INFO] 邮件发送成功，收件人：['hwy']


2025-07-16 16:07:37 [INFO] 开始巡检任务：2025-07-16
2025-07-16 16:07:37 [INFO] 网管中心-基础资源 巡检成功 3/3，成功率 100%
2025-07-16 16:07:37 [INFO] 网管中心-网络安全 巡检成功 3/3，成功率 100%
2025-07-16 16:07:37 [INFO] 网管中心-北京通业务系统 巡检成功 1/1，成功率 100%
2025-07-16 16:07:37 [INFO] 权益平台（政务外网）-基础资源 巡检成功 2/2，成功率 100%
2025-07-16 16:07:37 [INFO] 权益平台（政务外网）-网络安全 巡检成功 3/3，成功率 100%
2025-07-16 16:07:37 [INFO] 权益平台（政务外网）-系统负载 巡检成功 2/2，成功率 100%
2025-07-16 16:07:37 [INFO] 权益平台（互联网）-网络安全 巡检成功 2/3，成功率 67%
2025-07-16 16:07:37 [INFO] 权益平台（互联网）-基础资源 巡检成功 0/2，成功率 0%
2025-07-16 16:07:37 [INFO] 综合系统（腾讯云）-网络安全 巡检成功 3/3，成功率 100%
2025-07-16 16:07:37 [INFO] 民生卡业务网络专线 巡检成功 2/2，成功率 100%
2025-07-16 16:07:37 [INFO] 综合系统（腾讯云）-基础资源 巡检成功 2/2，成功率 100%
2025-07-16 16:07:37 [WARNING] [异常平台] 权益平台（互联网）-网络安全 成功率 67%，失败时段：14:00
2025-07-16 16:07:37 [WARNING] [异常平台] 权益平台（互联网）-基础资源 成功率 0%，失败时段：08:10, 12:10
2025-07-16 16:07:37 [INFO] 总共成功 23/26，成功率 88.5%
2025-07-16 16:07:37 [INFO] 巡检结果已保存至 Excel 文件：巡检邮件统计_2025-07-16.xlsx
2025-07-16 16:07:40 [INFO] 邮件发送成功，收件人：['hwy']


2025-07-16 16:18:01 [INFO] 开始巡检任务：2025-07-16
2025-07-16 16:18:01 [INFO] 网管中心-基础资源 巡检成功 3/3，成功率 100%
2025-07-16 16:18:01 [INFO] 网管中心-网络安全 巡检成功 3/3，成功率 100%
2025-07-16 16:18:01 [INFO] 网管中心-北京通业务系统 巡检成功 1/1，成功率 100%
2025-07-16 16:18:01 [INFO] 权益平台（政务外网）-基础资源 巡检成功 2/2，成功率 100%
2025-07-16 16:18:01 [INFO] 权益平台（政务外网）-网络安全 巡检成功 3/3，成功率 100%
2025-07-16 16:18:01 [INFO] 权益平台（政务外网）-系统负载 巡检成功 2/2，成功率 100%
2025-07-16 16:18:01 [INFO] 权益平台（互联网）-网络安全 巡检成功 2/3，成功率 67%
2025-07-16 16:18:01 [INFO] 权益平台（互联网）-基础资源 巡检成功 1/3，成功率 33%
2025-07-16 16:18:01 [INFO] 综合系统（腾讯云）-网络安全 巡检成功 3/3，成功率 100%
2025-07-16 16:18:01 [INFO] 民生卡业务网络专线 巡检成功 3/3，成功率 100%
2025-07-16 16:18:01 [INFO] 综合系统（腾讯云）-基础资源 巡检成功 2/2，成功率 100%
2025-07-16 16:18:01 [WARNING] [异常平台] 权益平台（互联网）-网络安全 成功率 67%，失败时段：14:00
2025-07-16 16:18:01 [WARNING] [异常平台] 权益平台（互联网）-基础资源 成功率 33%，失败时段：08:10, 12:10
2025-07-16 16:18:01 [INFO] 总共成功 25/28，成功率 89.3%
2025-07-16 16:18:01 [INFO] 巡检结果已保存至 Excel 文件：巡检邮件统计_2025-07-16.xlsx
2025-07-16 16:18:03 [INFO] 邮件发送成功，收件人：['hwy']


2025-07-16 16:36:07 [INFO] 开始巡检任务：2025-07-16
2025-07-16 16:36:07 [INFO] 网管中心-基础资源 巡检成功 3/3，成功率 100%
2025-07-16 16:36:07 [INFO] 网管中心-网络安全 巡检成功 3/3，成功率 100%
2025-07-16 16:36:07 [INFO] 网管中心-北京通业务系统 巡检成功 1/1，成功率 100%
2025-07-16 16:36:07 [INFO] 权益平台（政务外网）-基础资源 巡检成功 2/2，成功率 100%
2025-07-16 16:36:07 [INFO] 权益平台（政务外网）-网络安全 巡检成功 3/3，成功率 100%
2025-07-16 16:36:07 [INFO] 权益平台（政务外网）-系统负载 巡检成功 2/2，成功率 100%
2025-07-16 16:36:07 [INFO] 权益平台（互联网）-网络安全 巡检成功 2/3，成功率 67%
2025-07-16 16:36:07 [INFO] 权益平台（互联网）-基础资源 巡检成功 1/3，成功率 33%
2025-07-16 16:36:07 [INFO] 综合系统（腾讯云）-网络安全 巡检成功 3/3，成功率 100%
2025-07-16 16:36:07 [INFO] 民生卡业务网络专线 巡检成功 3/3，成功率 100%
2025-07-16 16:36:07 [INFO] 综合系统（腾讯云）-基础资源 巡检成功 2/2，成功率 100%
2025-07-16 16:36:07 [WARNING] [异常平台] 权益平台（互联网）-网络安全 成功率 67%，失败时段：14:00
2025-07-16 16:36:07 [WARNING] [异常平台] 权益平台（互联网）-基础资源 成功率 33%，失败时段：08:10, 12:10
2025-07-16 16:36:07 [INFO] 总共成功 25/28，成功率 89.3%
2025-07-16 16:36:07 [INFO] 巡检结果已保存至 Excel 文件：巡检邮件统计_2025-07-16.xlsx
2025-07-16 16:36:08 [INFO] 邮件发送成功，收件人：['hwy']


2025-07-16 16:58:30 [INFO] 开始巡检任务：2025-07-16
2025-07-16 16:58:30 [INFO] 网管中心-基础资源 巡检成功 3/3，成功率 100%
2025-07-16 16:58:30 [INFO] 网管中心-网络安全 巡检成功 3/3，成功率 100%
2025-07-16 16:58:30 [INFO] 网管中心-北京通业务系统 巡检成功 1/1，成功率 100%
2025-07-16 16:58:30 [INFO] 权益平台（政务外网）-基础资源 巡检成功 3/3，成功率 100%
2025-07-16 16:58:30 [INFO] 权益平台（政务外网）-网络安全 巡检成功 3/3，成功率 100%
2025-07-16 16:58:30 [INFO] 权益平台（政务外网）-系统负载 巡检成功 2/2，成功率 100%
2025-07-16 16:58:30 [INFO] 权益平台（互联网）-网络安全 巡检成功 2/3，成功率 67%
2025-07-16 16:58:30 [INFO] 权益平台（互联网）-基础资源 巡检成功 1/3，成功率 33%
2025-07-16 16:58:30 [INFO] 综合系统（腾讯云）-网络安全 巡检成功 3/3，成功率 100%
2025-07-16 16:58:30 [INFO] 民生卡业务网络专线 巡检成功 3/3，成功率 100%
2025-07-16 16:58:30 [INFO] 综合系统（腾讯云）-基础资源 巡检成功 2/2，成功率 100%
2025-07-16 16:58:30 [WARNING] [异常平台] 权益平台（互联网）-网络安全 成功率 67%，失败时段：14:00
2025-07-16 16:58:30 [WARNING] [异常平台] 权益平台（互联网）-基础资源 成功率 33%，失败时段：08:10, 12:10
2025-07-16 16:58:30 [INFO] 总共成功 26/29，成功率 89.7%
2025-07-16 16:58:30 [INFO] 巡检结果已保存至 Excel 文件：巡检邮件统计_2025-07-16.xlsx
2025-07-16 16:58:32 [INFO] 邮件发送成功，收件人：['hwy']


2025-07-16 17:13:09 [INFO] 开始巡检任务：2025-07-16
2025-07-16 17:13:09 [INFO] 网管中心-基础资源 巡检成功 3/3，成功率 100%
2025-07-16 17:13:09 [INFO] 网管中心-网络安全 巡检成功 3/3，成功率 100%
2025-07-16 17:13:09 [INFO] 网管中心-北京通业务系统 巡检成功 1/1，成功率 100%
2025-07-16 17:13:09 [INFO] 权益平台（政务外网）-基础资源 巡检成功 3/3，成功率 100%
2025-07-16 17:13:09 [INFO] 权益平台（政务外网）-网络安全 巡检成功 3/3，成功率 100%
2025-07-16 17:13:09 [INFO] 权益平台（政务外网）-系统负载 巡检成功 2/2，成功率 100%
2025-07-16 17:13:09 [INFO] 权益平台（互联网）-网络安全 巡检成功 2/4，成功率 50%
2025-07-16 17:13:09 [INFO] 权益平台（互联网）-基础资源 巡检成功 1/3，成功率 33%
2025-07-16 17:13:09 [INFO] 综合系统（腾讯云）-网络安全 巡检成功 3/3，成功率 100%
2025-07-16 17:13:09 [INFO] 民生卡业务网络专线 巡检成功 3/3，成功率 100%
2025-07-16 17:13:09 [INFO] 综合系统（腾讯云）-基础资源 巡检成功 3/3，成功率 100%
2025-07-16 17:13:09 [WARNING] [异常平台] 权益平台（互联网）-网络安全 成功率 50%，失败时段：14:00, 17:00
2025-07-16 17:13:09 [WARNING] [异常平台] 权益平台（互联网）-基础资源 成功率 33%，失败时段：08:10, 12:10
2025-07-16 17:13:09 [INFO] 总共成功 27/31，成功率 87.1%
2025-07-16 17:13:09 [INFO] 巡检结果已保存至 Excel 文件：巡检邮件统计_2025-07-16.xlsx
2025-07-16 17:13:10 [INFO] 邮件发送成功，收件人：['hwy']


2025-07-16 17:13:42 [INFO] 开始巡检任务：2025-07-16
2025-07-16 17:13:42 [INFO] 网管中心-基础资源 巡检成功 3/3，成功率 100%
2025-07-16 17:13:42 [INFO] 网管中心-网络安全 巡检成功 3/3，成功率 100%
2025-07-16 17:13:42 [INFO] 网管中心-北京通业务系统 巡检成功 1/1，成功率 100%
2025-07-16 17:13:42 [INFO] 权益平台（政务外网）-基础资源 巡检成功 3/3，成功率 100%
2025-07-16 17:13:42 [INFO] 权益平台（政务外网）-网络安全 巡检成功 3/3，成功率 100%
2025-07-16 17:13:42 [INFO] 权益平台（政务外网）-系统负载 巡检成功 2/2，成功率 100%
2025-07-16 17:13:42 [INFO] 权益平台（互联网）-网络安全 巡检成功 2/4，成功率 50%
2025-07-16 17:13:42 [INFO] 权益平台（互联网）-基础资源 巡检成功 1/3，成功率 33%
2025-07-16 17:13:42 [INFO] 综合系统（腾讯云）-网络安全 巡检成功 3/3，成功率 100%
2025-07-16 17:13:42 [INFO] 民生卡业务网络专线 巡检成功 3/3，成功率 100%
2025-07-16 17:13:42 [INFO] 综合系统（腾讯云）-基础资源 巡检成功 3/3，成功率 100%
2025-07-16 17:13:42 [WARNING] [异常平台] 权益平台（互联网）-网络安全 成功率 50%，失败时段：14:00, 17:00
2025-07-16 17:13:42 [WARNING] [异常平台] 权益平台（互联网）-基础资源 成功率 33%，失败时段：08:10, 12:10
2025-07-16 17:13:42 [INFO] 总共成功 27/31，成功率 87.1%
2025-07-16 17:13:42 [INFO] 巡检结果已保存至 Excel 文件：巡检邮件统计_2025-07-16.xlsx
2025-07-16 17:13:43 [INFO] 邮件发送成功，收件人：['hwy']


2025-07-16 17:15:01 [INFO] 开始巡检任务：2025-07-16
2025-07-16 17:15:01 [INFO] 网管中心-基础资源 巡检成功 3/3，成功率 100%
2025-07-16 17:15:01 [INFO] 网管中心-网络安全 巡检成功 3/3，成功率 100%
2025-07-16 17:15:01 [INFO] 网管中心-北京通业务系统 巡检成功 1/1，成功率 100%
2025-07-16 17:15:01 [INFO] 权益平台（政务外网）-基础资源 巡检成功 3/3，成功率 100%
2025-07-16 17:15:01 [INFO] 权益平台（政务外网）-网络安全 巡检成功 3/3，成功率 100%
2025-07-16 17:15:01 [INFO] 权益平台（政务外网）-系统负载 巡检成功 2/2，成功率 100%
2025-07-16 17:15:01 [INFO] 权益平台（互联网）-网络安全 巡检成功 2/4，成功率 50%
2025-07-16 17:15:01 [INFO] 权益平台（互联网）-基础资源 巡检成功 1/3，成功率 33%
2025-07-16 17:15:01 [INFO] 综合系统（腾讯云）-网络安全 巡检成功 3/3，成功率 100%
2025-07-16 17:15:01 [INFO] 民生卡业务网络专线 巡检成功 3/3，成功率 100%
2025-07-16 17:15:01 [INFO] 综合系统（腾讯云）-基础资源 巡检成功 3/3，成功率 100%
2025-07-16 17:15:01 [WARNING] [异常平台] 权益平台（互联网）-网络安全 成功率 50%，失败时段：14:00, 17:00
2025-07-16 17:15:01 [WARNING] [异常平台] 权益平台（互联网）-基础资源 成功率 33%，失败时段：08:10, 12:10
2025-07-16 17:15:01 [INFO] 总共成功 27/31，成功率 87.1%
2025-07-16 17:15:01 [INFO] 巡检结果已保存至 Excel 文件：巡检邮件统计_2025-07-16.xlsx
2025-07-16 17:15:02 [INFO] 邮件发送成功，收件人：['hwy']


2025-07-17 10:11:16 [INFO] 开始巡检任务：2025-07-17
2025-07-17 10:11:16 [INFO] 网管中心-基础资源 巡检成功 1/1，成功率 100%
2025-07-17 10:11:16 [INFO] 网管中心-网络安全 巡检成功 1/1，成功率 100%
2025-07-17 10:11:16 [INFO] 网管中心-北京通业务系统 巡检成功 1/1，成功率 100%
2025-07-17 10:11:16 [INFO] 权益平台（政务外网）-基础资源 巡检成功 1/1，成功率 100%
2025-07-17 10:11:16 [INFO] 权益平台（政务外网）-网络安全 巡检成功 1/1，成功率 100%
2025-07-17 10:11:16 [INFO] 权益平台（政务外网）-系统负载 巡检成功 1/1，成功率 100%
2025-07-17 10:11:16 [INFO] 权益平台（互联网）-网络安全 巡检成功 1/1，成功率 100%
2025-07-17 10:11:16 [INFO] 权益平台（互联网）-基础资源 巡检成功 1/1，成功率 100%
2025-07-17 10:11:16 [INFO] 综合系统（腾讯云）-网络安全 巡检成功 1/1，成功率 100%
2025-07-17 10:11:16 [INFO] 民生卡业务网络专线 巡检成功 1/1，成功率 100%
2025-07-17 10:11:16 [INFO] 综合系统（腾讯云）-基础资源 巡检成功 1/1，成功率 100%
2025-07-17 10:11:16 [INFO] 总共成功 11/11，成功率 100.0%
2025-07-17 10:11:16 [INFO] 巡检结果已保存至 Excel 文件：巡检邮件统计_2025-07-17.xlsx
2025-07-17 10:11:19 [INFO] 邮件发送成功，收件人：['hwy']


2025-07-17 11:56:36 [INFO] 开始巡检任务：2025-07-17
2025-07-17 11:56:36 [INFO] 网管中心-基础资源 巡检成功 2/2，成功率 100%
2025-07-17 11:56:36 [INFO] 网管中心-网络安全 巡检成功 2/2，成功率 100%
2025-07-17 11:56:36 [INFO] 网管中心-北京通业务系统 巡检成功 1/1，成功率 100%
2025-07-17 11:56:36 [INFO] 权益平台（政务外网）-基础资源 巡检成功 1/1，成功率 100%
2025-07-17 11:56:36 [INFO] 权益平台（政务外网）-网络安全 巡检成功 2/2，成功率 100%
2025-07-17 11:56:36 [INFO] 权益平台（政务外网）-系统负载 巡检成功 1/1，成功率 100%
2025-07-17 11:56:36 [INFO] 权益平台（互联网）-网络安全 巡检成功 1/2，成功率 50%
2025-07-17 11:56:36 [INFO] 权益平台（互联网）-基础资源 巡检成功 1/1，成功率 100%
2025-07-17 11:56:36 [INFO] 综合系统（腾讯云）-网络安全 巡检成功 1/1，成功率 100%
2025-07-17 11:56:36 [INFO] 民生卡业务网络专线 巡检成功 1/1，成功率 100%
2025-07-17 11:56:36 [INFO] 综合系统（腾讯云）-基础资源 巡检成功 1/1，成功率 100%
2025-07-17 11:56:36 [WARNING] [异常平台] 权益平台（互联网）-网络安全 成功率 50%，失败时段：11:00
2025-07-17 11:56:36 [INFO] 总共成功 14/15，成功率 93.3%
2025-07-17 11:56:36 [INFO] 巡检结果已保存至 Excel 文件：巡检邮件统计_2025-07-17.xlsx
2025-07-17 11:56:38 [INFO] 邮件发送成功，收件人：['hwy']


2025-07-17 16:56:19 [INFO] 开始巡检任务：2025-07-17
2025-07-17 16:56:19 [INFO] 网管中心-基础资源 巡检成功 3/3，成功率 100%
2025-07-17 16:56:19 [INFO] 网管中心-网络安全 巡检成功 3/3，成功率 100%
2025-07-17 16:56:19 [INFO] 网管中心-北京通业务系统 巡检成功 1/1，成功率 100%
2025-07-17 16:56:19 [INFO] 权益平台（政务外网）-基础资源 巡检成功 3/3，成功率 100%
2025-07-17 16:56:19 [INFO] 权益平台（政务外网）-网络安全 巡检成功 3/3，成功率 100%
2025-07-17 16:56:19 [INFO] 权益平台（政务外网）-系统负载 巡检成功 2/2，成功率 100%
2025-07-17 16:56:19 [INFO] 权益平台（互联网）-网络安全 巡检成功 2/3，成功率 67%
2025-07-17 16:56:19 [INFO] 权益平台（互联网）-基础资源 巡检成功 3/3，成功率 100%
2025-07-17 16:56:19 [INFO] 综合系统（腾讯云）-网络安全 巡检成功 3/3，成功率 100%
2025-07-17 16:56:19 [INFO] 民生卡业务网络专线 巡检成功 3/3，成功率 100%
2025-07-17 16:56:19 [INFO] 综合系统（腾讯云）-基础资源 巡检成功 2/2，成功率 100%
2025-07-17 16:56:19 [WARNING] [异常平台] 权益平台（互联网）-网络安全 成功率 67%，失败时段：11:00
2025-07-17 16:56:19 [INFO] 总共成功 28/29，成功率 96.6%
2025-07-17 16:56:19 [INFO] 巡检结果已保存至 Excel 文件：巡检邮件统计_2025-07-17.xlsx
2025-07-17 16:56:20 [INFO] 邮件发送成功，收件人：['hwy']


2025-07-18 12:31:23 [INFO] 开始巡检任务：2025-07-18
2025-07-18 12:31:23 [INFO] 网管中心-基础资源 巡检成功 2/2，成功率 100%
2025-07-18 12:31:23 [INFO] 网管中心-网络安全 巡检成功 1/2，成功率 50%
2025-07-18 12:31:23 [INFO] 网管中心-北京通业务系统 巡检成功 1/1，成功率 100%
2025-07-18 12:31:23 [INFO] 权益平台（政务外网）-基础资源 巡检成功 1/1，成功率 100%
2025-07-18 12:31:23 [INFO] 权益平台（政务外网）-网络安全 巡检成功 2/2，成功率 100%
2025-07-18 12:31:23 [INFO] 权益平台（政务外网）-系统负载 巡检成功 1/1，成功率 100%
2025-07-18 12:31:23 [INFO] 权益平台（互联网）-网络安全 巡检成功 2/2，成功率 100%
2025-07-18 12:31:23 [INFO] 权益平台（互联网）-基础资源 巡检成功 2/2，成功率 100%
2025-07-18 12:31:23 [INFO] 综合系统（腾讯云）-网络安全 巡检成功 2/2，成功率 100%
2025-07-18 12:31:23 [INFO] 民生卡业务网络专线 巡检成功 2/2，成功率 100%
2025-07-18 12:31:23 [INFO] 综合系统（腾讯云）-基础资源 巡检成功 1/1，成功率 100%
2025-07-18 12:31:23 [WARNING] [异常平台] 网管中心-网络安全 成功率 50%，失败时段：11:30
2025-07-18 12:31:23 [INFO] 总共成功 17/18，成功率 94.4%
2025-07-18 12:31:23 [INFO] 巡检结果已保存至 Excel 文件：巡检邮件统计_2025-07-18.xlsx
2025-07-18 12:31:24 [INFO] 邮件发送成功，收件人：['hwy']


2025-07-18 17:12:04 [INFO] 开始巡检任务：2025-07-18
2025-07-18 17:12:04 [INFO] 网管中心-基础资源 巡检成功 3/3，成功率 100%
2025-07-18 17:12:04 [INFO] 网管中心-网络安全 巡检成功 2/3，成功率 67%
2025-07-18 17:12:04 [INFO] 网管中心-北京通业务系统 巡检成功 1/1，成功率 100%
2025-07-18 17:12:04 [INFO] 权益平台（政务外网）-基础资源 巡检成功 3/3，成功率 100%
2025-07-18 17:12:04 [INFO] 权益平台（政务外网）-网络安全 巡检成功 3/3，成功率 100%
2025-07-18 17:12:04 [INFO] 权益平台（政务外网）-系统负载 巡检成功 2/2，成功率 100%
2025-07-18 17:12:04 [INFO] 权益平台（互联网）-网络安全 巡检成功 4/4，成功率 100%
2025-07-18 17:12:04 [INFO] 权益平台（互联网）-基础资源 巡检成功 3/3，成功率 100%
2025-07-18 17:12:04 [INFO] 综合系统（腾讯云）-网络安全 巡检成功 3/3，成功率 100%
2025-07-18 17:12:04 [INFO] 民生卡业务网络专线 巡检成功 3/3，成功率 100%
2025-07-18 17:12:04 [INFO] 综合系统（腾讯云）-基础资源 巡检成功 2/2，成功率 100%
2025-07-18 17:12:04 [WARNING] [异常平台] 网管中心-网络安全 成功率 67%，失败时段：11:30
2025-07-18 17:12:04 [INFO] 总共成功 29/30，成功率 96.7%
2025-07-18 17:12:04 [INFO] 巡检结果已保存至 Excel 文件：巡检邮件统计_2025-07-18.xlsx
2025-07-18 17:12:05 [INFO] 邮件发送成功，收件人：['hwy']


2025-07-21 16:26:17 [INFO] 开始巡检任务：2025-07-21
2025-07-21 16:26:17 [INFO] 网管中心-基础资源 巡检成功 3/3，成功率 100%
2025-07-21 16:26:17 [INFO] 网管中心-网络安全 巡检成功 3/3，成功率 100%
2025-07-21 16:26:17 [INFO] 网管中心-北京通业务系统 巡检成功 1/1，成功率 100%
2025-07-21 16:26:17 [INFO] 权益平台（政务外网）-基础资源 巡检成功 2/2，成功率 100%
2025-07-21 16:26:17 [INFO] 权益平台（政务外网）-网络安全 巡检成功 3/3，成功率 100%
2025-07-21 16:26:17 [INFO] 权益平台（政务外网）-系统负载 巡检成功 2/2，成功率 100%
2025-07-21 16:26:17 [INFO] 权益平台（互联网）-网络安全 巡检成功 3/3，成功率 100%
2025-07-21 16:26:17 [INFO] 权益平台（互联网）-基础资源 巡检成功 2/2，成功率 100%
2025-07-21 16:26:17 [INFO] 综合系统（腾讯云）-网络安全 巡检成功 3/3，成功率 100%
2025-07-21 16:26:17 [INFO] 民生卡业务网络专线 巡检成功 3/3，成功率 100%
2025-07-21 16:26:17 [INFO] 综合系统（腾讯云）-基础资源 巡检成功 2/2，成功率 100%
2025-07-21 16:26:17 [INFO] 总共成功 27/27，成功率 100.0%
2025-07-21 16:26:17 [INFO] 巡检结果已保存至 Excel 文件：巡检邮件统计_2025-07-21.xlsx
2025-07-21 16:26:20 [INFO] 邮件发送成功，收件人：['hwy']


2025-07-21 16:47:08 [INFO] 开始巡检任务：2025-07-21
2025-07-21 16:47:08 [INFO] 网管中心-基础资源 巡检成功 3/3，成功率 100%
2025-07-21 16:47:08 [INFO] 网管中心-网络安全 巡检成功 3/3，成功率 100%
2025-07-21 16:47:08 [INFO] 网管中心-北京通业务系统 巡检成功 1/1，成功率 100%
2025-07-21 16:47:08 [INFO] 权益平台（政务外网）-基础资源 巡检成功 2/2，成功率 100%
2025-07-21 16:47:08 [INFO] 权益平台（政务外网）-网络安全 巡检成功 3/3，成功率 100%
2025-07-21 16:47:08 [INFO] 权益平台（政务外网）-系统负载 巡检成功 2/2，成功率 100%
2025-07-21 16:47:08 [INFO] 权益平台（互联网）-网络安全 巡检成功 3/3，成功率 100%
2025-07-21 16:47:08 [INFO] 权益平台（互联网）-基础资源 巡检成功 3/3，成功率 100%
2025-07-21 16:47:08 [INFO] 综合系统（腾讯云）-网络安全 巡检成功 3/3，成功率 100%
2025-07-21 16:47:08 [INFO] 民生卡业务网络专线 巡检成功 3/3，成功率 100%
2025-07-21 16:47:08 [INFO] 综合系统（腾讯云）-基础资源 巡检成功 2/2，成功率 100%
2025-07-21 16:47:08 [INFO] 总共成功 28/28，成功率 100.0%
2025-07-21 16:47:08 [INFO] 巡检结果已保存至 Excel 文件：巡检邮件统计_2025-07-21.xlsx
2025-07-21 16:47:09 [INFO] 邮件发送成功，收件人：['hwy']


2025-07-21 16:49:51 [INFO] 开始巡检任务：2025-07-21
2025-07-21 16:49:51 [INFO] 网管中心-基础资源 巡检成功 3/3，成功率 100%
2025-07-21 16:49:51 [INFO] 网管中心-网络安全 巡检成功 3/3，成功率 100%
2025-07-21 16:49:51 [INFO] 网管中心-北京通业务系统 巡检成功 1/1，成功率 100%
2025-07-21 16:49:51 [INFO] 权益平台（政务外网）-基础资源 巡检成功 3/3，成功率 100%
2025-07-21 16:49:51 [INFO] 权益平台（政务外网）-网络安全 巡检成功 3/3，成功率 100%
2025-07-21 16:49:51 [INFO] 权益平台（政务外网）-系统负载 巡检成功 2/2，成功率 100%
2025-07-21 16:49:51 [INFO] 权益平台（互联网）-网络安全 巡检成功 3/3，成功率 100%
2025-07-21 16:49:51 [INFO] 权益平台（互联网）-基础资源 巡检成功 3/3，成功率 100%
2025-07-21 16:49:51 [INFO] 综合系统（腾讯云）-网络安全 巡检成功 3/3，成功率 100%
2025-07-21 16:49:51 [INFO] 民生卡业务网络专线 巡检成功 3/3，成功率 100%
2025-07-21 16:49:51 [INFO] 综合系统（腾讯云）-基础资源 巡检成功 2/2，成功率 100%
2025-07-21 16:49:51 [INFO] 总共成功 29/29，成功率 100.0%
2025-07-21 16:49:51 [INFO] 巡检结果已保存至 Excel 文件：巡检邮件统计_2025-07-21.xlsx
2025-07-21 16:49:52 [INFO] 邮件发送成功，收件人：['hwy']


2025-07-21 16:53:16 [INFO] 开始巡检任务：2025-07-21
2025-07-21 16:53:16 [INFO] 网管中心-基础资源 巡检成功 3/3，成功率 100%
2025-07-21 16:53:16 [INFO] 网管中心-网络安全 巡检成功 3/3，成功率 100%
2025-07-21 16:53:16 [INFO] 网管中心-北京通业务系统 巡检成功 1/1，成功率 100%
2025-07-21 16:53:16 [INFO] 权益平台（政务外网）-基础资源 巡检成功 3/3，成功率 100%
2025-07-21 16:53:16 [INFO] 权益平台（政务外网）-网络安全 巡检成功 3/3，成功率 100%
2025-07-21 16:53:16 [INFO] 权益平台（政务外网）-系统负载 巡检成功 2/2，成功率 100%
2025-07-21 16:53:16 [INFO] 权益平台（互联网）-网络安全 巡检成功 3/3，成功率 100%
2025-07-21 16:53:16 [INFO] 权益平台（互联网）-基础资源 巡检成功 3/3，成功率 100%
2025-07-21 16:53:16 [INFO] 综合系统（腾讯云）-网络安全 巡检成功 3/3，成功率 100%
2025-07-21 16:53:16 [INFO] 民生卡业务网络专线 巡检成功 3/3，成功率 100%
2025-07-21 16:53:16 [INFO] 综合系统（腾讯云）-基础资源 巡检成功 2/2，成功率 100%
2025-07-21 16:53:16 [INFO] 总共成功 29/29，成功率 100.0%
2025-07-21 16:53:16 [INFO] 巡检结果已保存至 Excel 文件：巡检邮件统计_2025-07-21.xlsx
2025-07-21 16:53:17 [INFO] 邮件发送成功，收件人：['hwy']


2025-07-21 16:53:58 [INFO] 开始巡检任务：2025-07-21
2025-07-21 16:53:58 [INFO] 网管中心-基础资源 巡检成功 3/3，成功率 100%
2025-07-21 16:53:58 [INFO] 网管中心-网络安全 巡检成功 3/3，成功率 100%
2025-07-21 16:53:58 [INFO] 网管中心-北京通业务系统 巡检成功 1/1，成功率 100%
2025-07-21 16:53:58 [INFO] 权益平台（政务外网）-基础资源 巡检成功 3/3，成功率 100%
2025-07-21 16:53:58 [INFO] 权益平台（政务外网）-网络安全 巡检成功 3/3，成功率 100%
2025-07-21 16:53:58 [INFO] 权益平台（政务外网）-系统负载 巡检成功 2/2，成功率 100%
2025-07-21 16:53:58 [INFO] 权益平台（互联网）-网络安全 巡检成功 3/3，成功率 100%
2025-07-21 16:53:58 [INFO] 权益平台（互联网）-基础资源 巡检成功 3/3，成功率 100%
2025-07-21 16:53:58 [INFO] 综合系统（腾讯云）-网络安全 巡检成功 3/3，成功率 100%
2025-07-21 16:53:58 [INFO] 民生卡业务网络专线 巡检成功 3/3，成功率 100%
2025-07-21 16:53:58 [INFO] 综合系统（腾讯云）-基础资源 巡检成功 2/2，成功率 100%
2025-07-21 16:53:58 [INFO] 总共成功 29/29，成功率 100.0%
2025-07-21 16:53:58 [INFO] 巡检结果已保存至 Excel 文件：巡检邮件统计_2025-07-21.xlsx
2025-07-21 16:53:59 [INFO] 邮件发送成功，收件人：['hwy']


2025-07-21 17:05:31 [INFO] 开始巡检任务：2025-07-21
2025-07-21 17:05:31 [INFO] 网管中心-基础资源 巡检成功 3/3，成功率 100%
2025-07-21 17:05:31 [INFO] 网管中心-网络安全 巡检成功 3/3，成功率 100%
2025-07-21 17:05:31 [INFO] 网管中心-北京通业务系统 巡检成功 1/1，成功率 100%
2025-07-21 17:05:31 [INFO] 权益平台（政务外网）-基础资源 巡检成功 3/3，成功率 100%
2025-07-21 17:05:31 [INFO] 权益平台（政务外网）-网络安全 巡检成功 3/3，成功率 100%
2025-07-21 17:05:31 [INFO] 权益平台（政务外网）-系统负载 巡检成功 2/2，成功率 100%
2025-07-21 17:05:31 [INFO] 权益平台（互联网）-网络安全 巡检成功 4/4，成功率 100%
2025-07-21 17:05:31 [INFO] 权益平台（互联网）-基础资源 巡检成功 3/3，成功率 100%
2025-07-21 17:05:31 [INFO] 综合系统（腾讯云）-网络安全 巡检成功 3/3，成功率 100%
2025-07-21 17:05:31 [INFO] 民生卡业务网络专线 巡检成功 3/3，成功率 100%
2025-07-21 17:05:31 [INFO] 综合系统（腾讯云）-基础资源 巡检成功 2/2，成功率 100%
2025-07-21 17:05:31 [INFO] 总共成功 30/30，成功率 100.0%
2025-07-21 17:05:31 [INFO] 巡检结果已保存至 Excel 文件：巡检邮件统计_2025-07-21.xlsx
2025-07-21 17:05:33 [INFO] 邮件发送成功，收件人：['hwy']


2025-07-22 13:51:16 [INFO] 开始巡检任务：2025-07-22
2025-07-22 13:51:16 [INFO] 网管中心-基础资源 巡检成功 2/2，成功率 100%
2025-07-22 13:51:16 [INFO] 网管中心-网络安全 巡检成功 2/2，成功率 100%
2025-07-22 13:51:16 [INFO] 网管中心-北京通业务系统 巡检成功 1/1，成功率 100%
2025-07-22 13:51:16 [INFO] 权益平台（政务外网）-基础资源 巡检成功 2/2，成功率 100%
2025-07-22 13:51:16 [INFO] 权益平台（政务外网）-网络安全 巡检成功 2/2，成功率 100%
2025-07-22 13:51:16 [INFO] 权益平台（政务外网）-系统负载 巡检成功 2/2，成功率 100%
2025-07-22 13:51:16 [INFO] 权益平台（互联网）-网络安全 巡检成功 2/2，成功率 100%
2025-07-22 13:51:16 [INFO] 权益平台（互联网）-基础资源 巡检成功 2/2，成功率 100%
2025-07-22 13:51:16 [INFO] 综合系统（腾讯云）-网络安全 巡检成功 2/2，成功率 100%
2025-07-22 13:51:16 [INFO] 民生卡业务网络专线 巡检成功 2/2，成功率 100%
2025-07-22 13:51:16 [INFO] 综合系统（腾讯云）-基础资源 巡检成功 2/2，成功率 100%
2025-07-22 13:51:16 [INFO] 总共成功 21/21，成功率 100.0%
2025-07-22 13:51:16 [INFO] 巡检结果已保存至 Excel 文件：巡检邮件统计_2025-07-22.xlsx
2025-07-22 13:51:20 [INFO] 邮件发送成功，收件人：['hwy']


2025-07-22 16:42:48 [INFO] 开始巡检任务：2025-07-22
2025-07-22 16:42:48 [INFO] 网管中心-基础资源 巡检成功 3/3，成功率 100%
2025-07-22 16:42:48 [INFO] 网管中心-网络安全 巡检成功 3/3，成功率 100%
2025-07-22 16:42:48 [INFO] 网管中心-北京通业务系统 巡检成功 1/1，成功率 100%
2025-07-22 16:42:48 [INFO] 权益平台（政务外网）-基础资源 巡检成功 2/2，成功率 100%
2025-07-22 16:42:48 [INFO] 权益平台（政务外网）-网络安全 巡检成功 3/3，成功率 100%
2025-07-22 16:42:48 [INFO] 权益平台（政务外网）-系统负载 巡检成功 2/2，成功率 100%
2025-07-22 16:42:48 [INFO] 权益平台（互联网）-网络安全 巡检成功 3/3，成功率 100%
2025-07-22 16:42:48 [INFO] 权益平台（互联网）-基础资源 巡检成功 3/3，成功率 100%
2025-07-22 16:42:48 [INFO] 综合系统（腾讯云）-网络安全 巡检成功 3/3，成功率 100%
2025-07-22 16:42:48 [INFO] 民生卡业务网络专线 巡检成功 3/3，成功率 100%
2025-07-22 16:42:48 [INFO] 综合系统（腾讯云）-基础资源 巡检成功 2/2，成功率 100%
2025-07-22 16:42:48 [INFO] 总共成功 28/28，成功率 100.0%
2025-07-22 16:42:48 [INFO] 巡检结果已保存至 Excel 文件：巡检邮件统计_2025-07-22.xlsx
2025-07-22 16:42:50 [INFO] 邮件发送成功，收件人：['hwy']


2025-07-22 16:56:49 [INFO] 开始巡检任务：2025-07-22
2025-07-22 16:56:49 [INFO] 网管中心-基础资源 巡检成功 3/3，成功率 100%
2025-07-22 16:56:49 [INFO] 网管中心-网络安全 巡检成功 3/3，成功率 100%
2025-07-22 16:56:49 [INFO] 网管中心-北京通业务系统 巡检成功 1/1，成功率 100%
2025-07-22 16:56:49 [INFO] 权益平台（政务外网）-基础资源 巡检成功 3/3，成功率 100%
2025-07-22 16:56:49 [INFO] 权益平台（政务外网）-网络安全 巡检成功 3/3，成功率 100%
2025-07-22 16:56:49 [INFO] 权益平台（政务外网）-系统负载 巡检成功 2/2，成功率 100%
2025-07-22 16:56:49 [INFO] 权益平台（互联网）-网络安全 巡检成功 3/3，成功率 100%
2025-07-22 16:56:49 [INFO] 权益平台（互联网）-基础资源 巡检成功 3/3，成功率 100%
2025-07-22 16:56:49 [INFO] 综合系统（腾讯云）-网络安全 巡检成功 3/3，成功率 100%
2025-07-22 16:56:49 [INFO] 民生卡业务网络专线 巡检成功 3/3，成功率 100%
2025-07-22 16:56:49 [INFO] 综合系统（腾讯云）-基础资源 巡检成功 2/2，成功率 100%
2025-07-22 16:56:49 [INFO] 总共成功 29/29，成功率 100.0%
2025-07-22 16:56:49 [INFO] 巡检结果已保存至 Excel 文件：巡检邮件统计_2025-07-22.xlsx
2025-07-22 16:56:50 [INFO] 邮件发送成功，收件人：['hwy']


2025-07-22 17:15:37 [INFO] 开始巡检任务：2025-07-22
2025-07-22 17:15:37 [INFO] 网管中心-基础资源 巡检成功 3/3，成功率 100%
2025-07-22 17:15:37 [INFO] 网管中心-网络安全 巡检成功 3/3，成功率 100%
2025-07-22 17:15:37 [INFO] 网管中心-北京通业务系统 巡检成功 1/1，成功率 100%
2025-07-22 17:15:37 [INFO] 权益平台（政务外网）-基础资源 巡检成功 3/3，成功率 100%
2025-07-22 17:15:37 [INFO] 权益平台（政务外网）-网络安全 巡检成功 3/3，成功率 100%
2025-07-22 17:15:37 [INFO] 权益平台（政务外网）-系统负载 巡检成功 2/2，成功率 100%
2025-07-22 17:15:37 [INFO] 权益平台（互联网）-网络安全 巡检成功 4/4，成功率 100%
2025-07-22 17:15:37 [INFO] 权益平台（互联网）-基础资源 巡检成功 3/3，成功率 100%
2025-07-22 17:15:37 [INFO] 综合系统（腾讯云）-网络安全 巡检成功 3/3，成功率 100%
2025-07-22 17:15:37 [INFO] 民生卡业务网络专线 巡检成功 3/3，成功率 100%
2025-07-22 17:15:37 [INFO] 综合系统（腾讯云）-基础资源 巡检成功 2/2，成功率 100%
2025-07-22 17:15:37 [INFO] 总共成功 30/30，成功率 100.0%
2025-07-22 17:15:37 [INFO] 巡检结果已保存至 Excel 文件：巡检邮件统计_2025-07-22.xlsx
2025-07-22 17:15:39 [INFO] 邮件发送成功，收件人：['hwy']


2025-07-23 09:32:46 [INFO] 开始巡检任务：2025-07-23
2025-07-23 09:32:46 [INFO] 网管中心-基础资源 巡检成功 0/1，成功率 0%
2025-07-23 09:32:46 [INFO] 网管中心-网络安全 巡检成功 0/1，成功率 0%
2025-07-23 09:32:46 [INFO] 网管中心-北京通业务系统 巡检成功 0/1，成功率 0%
2025-07-23 09:32:46 [INFO] 权益平台（政务外网）-基础资源 巡检成功 0/1，成功率 0%
2025-07-23 09:32:46 [INFO] 权益平台（政务外网）-网络安全 巡检成功 0/1，成功率 0%
2025-07-23 09:32:46 [INFO] 权益平台（政务外网）-系统负载 巡检成功 0/0，成功率 0%
2025-07-23 09:32:46 [INFO] 权益平台（互联网）-网络安全 巡检成功 0/1，成功率 0%
2025-07-23 09:32:46 [INFO] 权益平台（互联网）-基础资源 巡检成功 0/1，成功率 0%
2025-07-23 09:32:46 [INFO] 综合系统（腾讯云）-网络安全 巡检成功 0/1，成功率 0%
2025-07-23 09:32:46 [INFO] 民生卡业务网络专线 巡检成功 0/1，成功率 0%
2025-07-23 09:32:46 [INFO] 综合系统（腾讯云）-基础资源 巡检成功 0/0，成功率 0%
2025-07-23 09:32:46 [WARNING] [异常平台] 网管中心-基础资源 成功率 0%，失败时段：07:30
2025-07-23 09:32:46 [WARNING] [异常平台] 网管中心-网络安全 成功率 0%，失败时段：08:30
2025-07-23 09:32:46 [WARNING] [异常平台] 网管中心-北京通业务系统 成功率 0%，失败时段：07:30
2025-07-23 09:32:46 [WARNING] [异常平台] 权益平台（政务外网）-基础资源 成功率 0%，失败时段：08:00
2025-07-23 09:32:46 [WARNING] [异常平台] 权益平台（政务外网）-网络安全 成功率 0%，失败时段：09:15
2025-07-23 09:32:46 [WARNING] [异常平台] 权益平台（政务外网）-系统负载 成功率 0%，失败时段：
2025-07-23 09:32:46 [WARNING] [异常平台] 权益平台（互联网）-网络安全 成功率 0%，失败时段：08:00
2025-07-23 09:32:46 [WARNING] [异常平台] 权益平台（互联网）-基础资源 成功率 0%，失败时段：08:10
2025-07-23 09:32:46 [WARNING] [异常平台] 综合系统（腾讯云）-网络安全 成功率 0%，失败时段：08:00
2025-07-23 09:32:46 [WARNING] [异常平台] 民生卡业务网络专线 成功率 0%，失败时段：08:10
2025-07-23 09:32:46 [WARNING] [异常平台] 综合系统（腾讯云）-基础资源 成功率 0%，失败时段：
2025-07-23 09:32:46 [INFO] 总共成功 0/9，成功率 0.0%
2025-07-23 09:32:46 [INFO] 巡检结果已保存至 Excel 文件：巡检邮件统计_2025-07-23.xlsx
2025-07-23 09:32:47 [INFO] 邮件发送成功，收件人：['hwy']


2025-07-23 09:32:53 [INFO] 开始巡检任务：2025-07-23
2025-07-23 09:32:53 [INFO] 网管中心-基础资源 巡检成功 0/1，成功率 0%
2025-07-23 09:32:53 [INFO] 网管中心-网络安全 巡检成功 0/1，成功率 0%
2025-07-23 09:32:53 [INFO] 网管中心-北京通业务系统 巡检成功 0/1，成功率 0%
2025-07-23 09:32:53 [INFO] 权益平台（政务外网）-基础资源 巡检成功 0/1，成功率 0%
2025-07-23 09:32:53 [INFO] 权益平台（政务外网）-网络安全 巡检成功 0/1，成功率 0%
2025-07-23 09:32:53 [INFO] 权益平台（政务外网）-系统负载 巡检成功 0/0，成功率 0%
2025-07-23 09:32:53 [INFO] 权益平台（互联网）-网络安全 巡检成功 0/1，成功率 0%
2025-07-23 09:32:53 [INFO] 权益平台（互联网）-基础资源 巡检成功 0/1，成功率 0%
2025-07-23 09:32:53 [INFO] 综合系统（腾讯云）-网络安全 巡检成功 0/1，成功率 0%
2025-07-23 09:32:53 [INFO] 民生卡业务网络专线 巡检成功 0/1，成功率 0%
2025-07-23 09:32:53 [INFO] 综合系统（腾讯云）-基础资源 巡检成功 0/0，成功率 0%
2025-07-23 09:32:53 [WARNING] [异常平台] 网管中心-基础资源 成功率 0%，失败时段：07:30
2025-07-23 09:32:53 [WARNING] [异常平台] 网管中心-网络安全 成功率 0%，失败时段：08:30
2025-07-23 09:32:53 [WARNING] [异常平台] 网管中心-北京通业务系统 成功率 0%，失败时段：07:30
2025-07-23 09:32:53 [WARNING] [异常平台] 权益平台（政务外网）-基础资源 成功率 0%，失败时段：08:00
2025-07-23 09:32:53 [WARNING] [异常平台] 权益平台（政务外网）-网络安全 成功率 0%，失败时段：09:15
2025-07-23 09:32:53 [WARNING] [异常平台] 权益平台（政务外网）-系统负载 成功率 0%，失败时段：
2025-07-23 09:32:53 [WARNING] [异常平台] 权益平台（互联网）-网络安全 成功率 0%，失败时段：08:00
2025-07-23 09:32:53 [WARNING] [异常平台] 权益平台（互联网）-基础资源 成功率 0%，失败时段：08:10
2025-07-23 09:32:53 [WARNING] [异常平台] 综合系统（腾讯云）-网络安全 成功率 0%，失败时段：08:00
2025-07-23 09:32:53 [WARNING] [异常平台] 民生卡业务网络专线 成功率 0%，失败时段：08:10
2025-07-23 09:32:53 [WARNING] [异常平台] 综合系统（腾讯云）-基础资源 成功率 0%，失败时段：
2025-07-23 09:32:53 [INFO] 总共成功 0/9，成功率 0.0%
2025-07-23 09:32:53 [INFO] 巡检结果已保存至 Excel 文件：巡检邮件统计_2025-07-23.xlsx
2025-07-23 09:32:54 [INFO] 邮件发送成功，收件人：['hwy']


2025-07-23 09:33:07 [INFO] 开始巡检任务：2025-07-23
2025-07-23 09:33:07 [INFO] 网管中心-基础资源 巡检成功 1/1，成功率 100%
2025-07-23 09:33:07 [INFO] 网管中心-网络安全 巡检成功 1/1，成功率 100%
2025-07-23 09:33:07 [INFO] 网管中心-北京通业务系统 巡检成功 1/1，成功率 100%
2025-07-23 09:33:07 [INFO] 权益平台（政务外网）-基础资源 巡检成功 1/1，成功率 100%
2025-07-23 09:33:07 [INFO] 权益平台（政务外网）-网络安全 巡检成功 1/1，成功率 100%
2025-07-23 09:33:07 [INFO] 权益平台（政务外网）-系统负载 巡检成功 0/0，成功率 0%
2025-07-23 09:33:07 [INFO] 权益平台（互联网）-网络安全 巡检成功 1/1，成功率 100%
2025-07-23 09:33:07 [INFO] 权益平台（互联网）-基础资源 巡检成功 1/1，成功率 100%
2025-07-23 09:33:07 [INFO] 综合系统（腾讯云）-网络安全 巡检成功 1/1，成功率 100%
2025-07-23 09:33:07 [INFO] 民生卡业务网络专线 巡检成功 1/1，成功率 100%
2025-07-23 09:33:07 [INFO] 综合系统（腾讯云）-基础资源 巡检成功 1/1，成功率 100%
2025-07-23 09:33:07 [WARNING] [异常平台] 权益平台（政务外网）-系统负载 成功率 0%，失败时段：
2025-07-23 09:33:07 [INFO] 总共成功 10/10，成功率 100.0%
2025-07-23 09:33:07 [INFO] 巡检结果已保存至 Excel 文件：巡检邮件统计_2025-07-23.xlsx
2025-07-23 09:33:07 [INFO] 邮件发送成功，收件人：['hwy']


2025-07-23 09:33:17 [INFO] 开始巡检任务：2025-07-23
2025-07-23 09:33:17 [INFO] 网管中心-基础资源 巡检成功 1/1，成功率 100%
2025-07-23 09:33:17 [INFO] 网管中心-网络安全 巡检成功 1/1，成功率 100%
2025-07-23 09:33:17 [INFO] 网管中心-北京通业务系统 巡检成功 1/1，成功率 100%
2025-07-23 09:33:17 [INFO] 权益平台（政务外网）-基础资源 巡检成功 1/1，成功率 100%
2025-07-23 09:33:17 [INFO] 权益平台（政务外网）-网络安全 巡检成功 1/1，成功率 100%
2025-07-23 09:33:17 [INFO] 权益平台（政务外网）-系统负载 巡检成功 0/0，成功率 0%
2025-07-23 09:33:17 [INFO] 权益平台（互联网）-网络安全 巡检成功 1/1，成功率 100%
2025-07-23 09:33:17 [INFO] 权益平台（互联网）-基础资源 巡检成功 1/1，成功率 100%
2025-07-23 09:33:17 [INFO] 综合系统（腾讯云）-网络安全 巡检成功 1/1，成功率 100%
2025-07-23 09:33:17 [INFO] 民生卡业务网络专线 巡检成功 1/1，成功率 100%
2025-07-23 09:33:17 [INFO] 综合系统（腾讯云）-基础资源 巡检成功 1/1，成功率 100%
2025-07-23 09:33:17 [WARNING] [异常平台] 权益平台（政务外网）-系统负载 成功率 0%，失败时段：
2025-07-23 09:33:17 [INFO] 总共成功 10/10，成功率 100.0%
2025-07-23 09:33:17 [INFO] 巡检结果已保存至 Excel 文件：巡检邮件统计_2025-07-23.xlsx
2025-07-23 09:33:18 [INFO] 邮件发送成功，收件人：['hwy']


2025-07-23 09:53:25 [INFO] 开始巡检任务：2025-07-23
2025-07-23 09:53:25 [INFO] 网管中心-基础资源 巡检成功 1/1，成功率 100%
2025-07-23 09:53:25 [INFO] 网管中心-网络安全 巡检成功 1/1，成功率 100%
2025-07-23 09:53:25 [INFO] 网管中心-北京通业务系统 巡检成功 1/1，成功率 100%
2025-07-23 09:53:25 [INFO] 权益平台（政务外网）-基础资源 巡检成功 1/1，成功率 100%
2025-07-23 09:53:25 [INFO] 权益平台（政务外网）-网络安全 巡检成功 1/1，成功率 100%
2025-07-23 09:53:25 [INFO] 权益平台（政务外网）-系统负载 巡检成功 0/0，成功率 0%
2025-07-23 09:53:25 [INFO] 权益平台（互联网）-网络安全 巡检成功 1/1，成功率 100%
2025-07-23 09:53:25 [INFO] 权益平台（互联网）-基础资源 巡检成功 1/1，成功率 100%
2025-07-23 09:53:25 [INFO] 综合系统（腾讯云）-网络安全 巡检成功 1/1，成功率 100%
2025-07-23 09:53:25 [INFO] 民生卡业务网络专线 巡检成功 1/1，成功率 100%
2025-07-23 09:53:25 [INFO] 综合系统（腾讯云）-基础资源 巡检成功 1/1，成功率 100%
2025-07-23 09:53:25 [WARNING] [异常平台] 权益平台（政务外网）-系统负载 成功率 0%，失败时段：
2025-07-23 09:53:25 [INFO] 总共成功 10/10，成功率 100.0%
2025-07-23 09:53:25 [INFO] 巡检结果已保存至 Excel 文件：巡检邮件统计_2025-07-23.xlsx
2025-07-23 09:53:28 [INFO] 邮件发送成功，收件人：['hwy']


2025-07-23 10:17:11 [INFO] 开始巡检任务：2025-07-23
2025-07-23 10:17:11 [INFO] 网管中心-基础资源 巡检成功 1/1，成功率 100%
2025-07-23 10:17:11 [INFO] 网管中心-网络安全 巡检成功 1/1，成功率 100%
2025-07-23 10:17:11 [INFO] 网管中心-北京通业务系统 巡检成功 1/1，成功率 100%
2025-07-23 10:17:11 [INFO] 权益平台（政务外网）-基础资源 巡检成功 1/1，成功率 100%
2025-07-23 10:17:11 [INFO] 权益平台（政务外网）-网络安全 巡检成功 1/1，成功率 100%
2025-07-23 10:17:11 [INFO] 权益平台（政务外网）-系统负载 巡检成功 0/1，成功率 0%
2025-07-23 10:17:11 [INFO] 权益平台（互联网）-网络安全 巡检成功 1/1，成功率 100%
2025-07-23 10:17:11 [INFO] 权益平台（互联网）-基础资源 巡检成功 1/1，成功率 100%
2025-07-23 10:17:11 [INFO] 综合系统（腾讯云）-网络安全 巡检成功 1/1，成功率 100%
2025-07-23 10:17:11 [INFO] 民生卡业务网络专线 巡检成功 1/1，成功率 100%
2025-07-23 10:17:11 [INFO] 综合系统（腾讯云）-基础资源 巡检成功 1/1，成功率 100%
2025-07-23 10:17:11 [WARNING] [异常平台] 权益平台（政务外网）-系统负载 成功率 0%，失败时段：09:30
2025-07-23 10:17:11 [INFO] 总共成功 10/11，成功率 90.9%
2025-07-23 10:17:11 [INFO] 巡检结果已保存至 Excel 文件：巡检邮件统计_2025-07-23.xlsx
2025-07-23 10:17:12 [INFO] 邮件发送成功，收件人：['hwy']


2025-07-23 10:21:02 [INFO] 开始巡检任务：2025-07-23
2025-07-23 10:21:02 [INFO] 网管中心-基础资源 巡检成功 1/1，成功率 100%
2025-07-23 10:21:02 [INFO] 网管中心-网络安全 巡检成功 1/1，成功率 100%
2025-07-23 10:21:02 [INFO] 网管中心-北京通业务系统 巡检成功 1/1，成功率 100%
2025-07-23 10:21:02 [INFO] 权益平台（政务外网）-基础资源 巡检成功 1/1，成功率 100%
2025-07-23 10:21:02 [INFO] 权益平台（政务外网）-网络安全 巡检成功 1/1，成功率 100%
2025-07-23 10:21:02 [INFO] 权益平台（政务外网）-系统负载 巡检成功 1/1，成功率 100%
2025-07-23 10:21:02 [INFO] 权益平台（互联网）-网络安全 巡检成功 1/1，成功率 100%
2025-07-23 10:21:02 [INFO] 权益平台（互联网）-基础资源 巡检成功 1/1，成功率 100%
2025-07-23 10:21:02 [INFO] 综合系统（腾讯云）-网络安全 巡检成功 1/1，成功率 100%
2025-07-23 10:21:02 [INFO] 民生卡业务网络专线 巡检成功 1/1，成功率 100%
2025-07-23 10:21:02 [INFO] 综合系统（腾讯云）-基础资源 巡检成功 1/1，成功率 100%
2025-07-23 10:21:02 [INFO] 总共成功 11/11，成功率 100.0%
2025-07-23 10:21:02 [INFO] 巡检结果已保存至 Excel 文件：巡检邮件统计_2025-07-23.xlsx
2025-07-23 10:21:04 [INFO] 邮件发送成功，收件人：['hwy']


2025-07-23 14:59:59 [INFO] 开始巡检任务：2025-07-23
2025-07-23 14:59:59 [INFO] 网管中心-基础资源 巡检成功 2/2，成功率 100%
2025-07-23 14:59:59 [INFO] 网管中心-网络安全 巡检成功 3/3，成功率 100%
2025-07-23 14:59:59 [INFO] 网管中心-北京通业务系统 巡检成功 1/1，成功率 100%
2025-07-23 14:59:59 [INFO] 权益平台（政务外网）-基础资源 巡检成功 2/2，成功率 100%
2025-07-23 14:59:59 [INFO] 权益平台（政务外网）-网络安全 巡检成功 2/2，成功率 100%
2025-07-23 14:59:59 [INFO] 权益平台（政务外网）-系统负载 巡检成功 2/2，成功率 100%
2025-07-23 14:59:59 [INFO] 权益平台（互联网）-网络安全 巡检成功 3/3，成功率 100%
2025-07-23 14:59:59 [INFO] 权益平台（互联网）-基础资源 巡检成功 2/2，成功率 100%
2025-07-23 14:59:59 [INFO] 综合系统（腾讯云）-网络安全 巡检成功 2/2，成功率 100%
2025-07-23 14:59:59 [INFO] 民生卡业务网络专线 巡检成功 2/2，成功率 100%
2025-07-23 14:59:59 [INFO] 综合系统（腾讯云）-基础资源 巡检成功 2/2，成功率 100%
2025-07-23 14:59:59 [INFO] 总共成功 23/23，成功率 100.0%
2025-07-23 14:59:59 [INFO] 巡检结果已保存至 Excel 文件：巡检邮件统计_2025-07-23.xlsx
2025-07-23 15:00:02 [INFO] 邮件发送成功，收件人：['hwy']


2025-07-23 16:51:43 [INFO] 开始巡检任务：2025-07-23
2025-07-23 16:51:43 [INFO] 网管中心-基础资源 巡检成功 3/3，成功率 100%
2025-07-23 16:51:43 [INFO] 网管中心-网络安全 巡检成功 3/3，成功率 100%
2025-07-23 16:51:43 [INFO] 网管中心-北京通业务系统 巡检成功 1/1，成功率 100%
2025-07-23 16:51:43 [INFO] 权益平台（政务外网）-基础资源 巡检成功 3/3，成功率 100%
2025-07-23 16:51:43 [INFO] 权益平台（政务外网）-网络安全 巡检成功 3/3，成功率 100%
2025-07-23 16:51:43 [INFO] 权益平台（政务外网）-系统负载 巡检成功 2/2，成功率 100%
2025-07-23 16:51:43 [INFO] 权益平台（互联网）-网络安全 巡检成功 3/3，成功率 100%
2025-07-23 16:51:43 [INFO] 权益平台（互联网）-基础资源 巡检成功 3/3，成功率 100%
2025-07-23 16:51:43 [INFO] 综合系统（腾讯云）-网络安全 巡检成功 3/3，成功率 100%
2025-07-23 16:51:43 [INFO] 民生卡业务网络专线 巡检成功 3/3，成功率 100%
2025-07-23 16:51:43 [INFO] 综合系统（腾讯云）-基础资源 巡检成功 2/2，成功率 100%
2025-07-23 16:51:43 [INFO] 总共成功 29/29，成功率 100.0%
2025-07-23 16:51:43 [INFO] 巡检结果已保存至 Excel 文件：巡检邮件统计_2025-07-23.xlsx
2025-07-23 16:51:45 [INFO] 邮件发送成功，收件人：['hwy']


